Script started on 2023-10-05 08:19:35+00:00 [<not executed on terminal>]
   [1;36m: [1;37mLoading /src/habitat/plan.sh/x86_64-linux/plan.sh[0m
   [1;36mdeploy-context: [1;37mPlan loaded[0m
   [1;36mdeploy-context: [1;37mValidating plan metadata[0m
   [1;36mdeploy-context: [1;37mUsing HAB_BIN=/hab/pkgs/core/hab/1.6.568/20220831181712/bin/hab for installs, signing, and hashing[0m
   [1;36mdeploy-context: [1;37mhab-plan-build setup[0m
Executing action do_begin at version 2.2.0
   [1;36mdeploy-context: [1;37mWriting pre_build file[0m
   [1;36mdeploy-context: [1;37mResolving build dependencies[0m
   [1;36mdeploy-context: [1;37mResolving run dependencies[0m
   [1;36mdeploy-context: [1;37mSetting up environment[0m
   [1;36mdeploy-context: [1;37mPopulating runtime environment from dependencies[0m
   [1;36mdeploy-context: [1;37mPopulating buildtime environment from dependencies[0m
   [1;36mdeploy-context: [1;37mLayering runtime environment on top of system environment[0m
   [1;36mdeploy-context: [1;37mLayering buildtime environment on top of system environment[0m
   [1;36mdeploy-context: [1;37mSetting PATH=/hab/pkgs/core/hab-plan-build/1.6.568/20220831183139/bin:/hab/pkgs/core/bash/5.1/20220311102415/bin:/hab/pkgs/core/binutils/2.37/20220311083411/bin:/hab/pkgs/core/coreutils/8.32/20220311101609/bin:/hab/pkgs/core/file/5.41/20220311083211/bin:/hab/pkgs/core/findutils/4.9.0/20220311104411/bin:/hab/pkgs/core/gawk/5.1.0/20220311102814/bin:/hab/pkgs/core/grep/3.7/20220311102158/bin:/hab/pkgs/core/gzip/1.11/20220311105137/bin:/hab/pkgs/core/hab/1.6.568/20220831181712/bin:/hab/pkgs/core/rq/0.10.4/20220311112035/bin:/hab/pkgs/core/sed/4.8/20220311101151/bin:/hab/pkgs/core/tar/1.34/20220311102650/bin:/hab/pkgs/core/unzip/6.0/20220311111952/bin:/hab/pkgs/core/wget/1.21.2/20220311111811/bin:/hab/pkgs/core/xz/5.2.5/20220311104623/bin:/hab/pkgs/core/libcap/2.60/20220311101102/bin:/hab/pkgs/core/less/590/20220311103557/bin:/hab/pkgs/core/ncurses/6.2/20220311100731/bin:/hab/pkgs/core/acl/2.3.1/20220311101006/bin:/hab/pkgs/core/attr/2.5.1/20220311100918/bin:/hab/pkgs/core/bzip2/1.0.8/20220311100531/bin:/hab/pkgs/core/libidn2/2.3.2/20220311111710/bin:/hab/pkgs/core/openssl/1.0.2zb/20220311111046/bin:/hab/pkgs/core/pcre/8.45/20220311102054/bin:/hab/pkgs/core/openssl-fips/2.0.16/20220311110951/bin:/hab/pkgs/core/glibc/2.34/20220311081742/bin:/hab/bin:/hab/pkgs/core/hab-plan-build/1.6.568/20220831183139/bin:/hab/pkgs/core/diffutils/3.8/20220311104054/bin:/hab/pkgs/core/less/590/20220311103557/bin:/hab/pkgs/core/make/4.3/20220311105244/bin:/hab/pkgs/core/mg/20180927/20220311114614/bin:/hab/pkgs/core/util-linux/2.37/20220311105626/bin:/hab/pkgs/core/vim/8.2.2825/20220311114125/bin:/hab/pkgs/core/ncurses/6.2/20220311100731/bin:/hab/pkgs/core/bash/5.1/20220311102415/bin:/hab/pkgs/core/binutils/2.37/20220311083411/bin:/hab/pkgs/core/coreutils/8.32/20220311101609/bin:/hab/pkgs/core/file/5.41/20220311083211/bin:/hab/pkgs/core/findutils/4.9.0/20220311104411/bin:/hab/pkgs/core/gawk/5.1.0/20220311102814/bin:/hab/pkgs/core/gzip/1.11/20220311105137/bin:/hab/pkgs/core/hab/1.6.568/20220831181712/bin:/hab/pkgs/core/rq/0.10.4/20220311112035/bin:/hab/pkgs/core/sed/4.8/20220311101151/bin:/hab/pkgs/core/tar/1.34/20220311102650/bin:/hab/pkgs/core/unzip/6.0/20220311111952/bin:/hab/pkgs/core/wget/1.21.2/20220311111811/bin:/hab/pkgs/core/xz/5.2.5/20220311104623/bin:/hab/pkgs/core/libcap/2.60/20220311101102/bin:/hab/pkgs/core/grep/3.7/20220311102158/bin:/hab/pkgs/core/bzip2/1.0.8/20220311100531/bin:/hab/pkgs/core/libidn2/2.3.2/20220311111710/bin:/hab/pkgs/core/openssl/1.0.2zb/20220311111046/bin:/hab/pkgs/core/openssl-fips/2.0.16/20220311110951/bin:/hab/pkgs/core/pcre/8.45/20220311102054/bin:/hab/pkgs/core/libmd/1.0.4/20220311114359/bin:/hab/pkgs/core/acl/2.3.1/20220311101006/bin:/hab/pkgs/core/attr/2.5.1/20220311100918/bin:/hab/pkgs/core/glibc/2.34/20220311081742/bin:/hab/bin[0m
mkdir: created directory '/hab/cache/src'
Executing action do_download at version 2.2.0
Executing action do_default_verify at version 2.2.0
Executing action do_clean at version 2.2.0
Executing action do_unpack at version 2.2.0
   [1;36mdeploy-context: [1;37mSetting build environment[0m
mkdir: created directory '/hab/cache/src/deploy-context-2.2.0'
   [1;36mdeploy-context: [1;37mSetting PREFIX=/hab/pkgs/jimbodragon/deploy-context/2.2.0/20231005081935[0m
   [1;36mdeploy-context: [1;37mSetting LD_RUN_PATH=[0m
   [1;36mdeploy-context: [1;37mSetting CFLAGS=[0m
   [1;36mdeploy-context: [1;37mSetting CXXFLAGS=[0m
   [1;36mdeploy-context: [1;37mSetting CPPFLAGS=[0m
   [1;36mdeploy-context: [1;37mSetting LDFLAGS=[0m
   [1;36mdeploy-context: [1;37mSetting PKG_CONFIG_PATH=[0m
   [1;36mdeploy-context: [1;37mPreparing to build[0m
Executing action do_default_prepare at version 2.2.0
   [1;36mdeploy-context: [1;37mBuilding[0m
/hab/pkgs/core/hab-plan-build/1.6.568/20220831183139/bin/hab-plan-build: line 1885: ./configure: No such file or directory
   [1;36mdeploy-context: [1;37mBuild time: 0m0s[0m
   [1;36mdeploy-context: [1;31mExiting on error[0m

Script done on 2023-10-05 08:19:35+00:00 [COMMAND_EXIT_CODE="127"]
