Script started on 2023-10-05 07:56:59+00:00 [<not executed on terminal>]
   [1;36m: [1;37mLoading /src/habitat/plan.sh/x86_64-linux/plan.sh[0m
   [1;36mdeploy-context: [1;37mPlan loaded[0m
   [1;36mdeploy-context: [1;37mValidating plan metadata[0m
   [1;36mdeploy-context: [1;37mUsing HAB_BIN=/hab/pkgs/core/hab/1.6.568/20220831181712/bin/hab for installs, signing, and hashing[0m
   [1;36mdeploy-context: [1;37mhab-plan-build setup[0m
Executing action do_begin at version 2.2.0
   [1;36mdeploy-context: [1;37mWriting pre_build file[0m
   [1;36mdeploy-context: [1;37mResolving build dependencies[0m
   [1;36mdeploy-context: [1;37mResolving run dependencies[0m
[0m[0m[1m[33mÂ» Installing core/glibc[0m
[0m[0m[1m[32mâ˜ Determining[0m latest version of core/glibc in the 'stable' channel
[0m[0m[1m[32mâ†’ Using[0m core/glibc/2.34/20220311081742
[0m[0m[1m[35mâ˜… Install of core/glibc/2.34/20220311081742 complete with 0 new packages installed.[0m
   [1;36mdeploy-context: [1;37mResolved dependency 'core/glibc' to /hab/pkgs/core/glibc/2.34/20220311081742[0m
[0m[0m[1m[33mÂ» Installing core/curl[0m
[0m[0m[1m[32mâ˜ Determining[0m latest version of core/curl in the 'stable' channel
[0m[0m[1m[32mâ˜› Verifying[0m core/curl/7.79.1/20230816065924
[0m[0m[1m[32mâ˜› Verifying[0m core/openssl/1.0.2zf/20230816063107
[0m[0m[1m[32mâ†’ Using[0m core/zlib/1.2.11/20220311082914
[0m[0m[1m[32mâ˜› Verifying[0m core/nghttp2/1.46.0/20220817113611
[0m[0m[1m[32mâ†“ Downloading[0m core-20220817080933 public origin key
    75 B / 75 B | [======================================] 100.00 % 764.56 KB/s 
[0m[0m[1m[32mâ˜‘ Cached[0m core-20220817080933 public origin key
[0m[0m[1m[32mâ†’ Using[0m core/cacerts/2021.10.26/20220311110931
[0m[0m[1m[32mâ†’ Using[0m core/openssl-fips/2.0.16/20220311110951
[0m[0m[1m[32mâ†’ Using[0m core/glibc/2.34/20220311081742
[0m[0m[1m[32mâ†’ Using[0m core/linux-headers/4.20.17/20220311081613
[0m[0m[1m[32mâœ“ Installed[0m core/openssl/1.0.2zf/20230816063107
[0m[0m[1m[32mâœ“ Installed[0m core/nghttp2/1.46.0/20220817113611
[0m[0m[1m[32mâœ“ Installed[0m core/curl/7.79.1/20230816065924
[0m[0m[1m[35mâ˜… Install of core/curl/7.79.1/20230816065924 complete with 3 new packages installed.[0m
   [1;36mdeploy-context: [1;37mResolved dependency 'core/curl' to /hab/pkgs/core/curl/7.79.1/20230816065924[0m
[0m[0m[1m[33mÂ» Installing chef/chef-infra-client[0m
[0m[0m[1m[32mâ˜ Determining[0m latest version of chef/chef-infra-client in the 'stable' channel
[0m[0m[1m[32mâ˜› Verifying[0m chef/chef-infra-client/18.3.0/20230830115804
[0m[0m[1m[32mâ†“ Downloading[0m chef-20160614114050 public origin key
    75 B / 75 B | [========================================] 100.00 % 1.48 MB/s 
[0m[0m[1m[32mâ˜‘ Cached[0m chef-20160614114050 public origin key
[0m[0m[1m[32mâ˜› Verifying[0m core/ruby31/3.1.2/20230818191654
[0m[0m[1m[32mâ˜› Verifying[0m core/libxslt/1.1.34/20220312081836
[0m[0m[1m[32mâ†’ Using[0m core/libiconv/1.16/20220311111355
[0m[0m[1m[32mâ˜› Verifying[0m core/libarchive/3.5.2/20230816095445
[0m[0m[1m[32mâ˜› Verifying[0m core/libyaml/0.2.5/20220312092318
[0m[0m[1m[32mâ˜› Verifying[0m core/libffi/3.4.2/20220311120049
[0m[0m[1m[32mâ†’ Using[0m core/readline/8.1/20220311102318
[0m[0m[1m[32mâ˜› Verifying[0m core/nss-myhostname/0.3/20220311210919
[0m[0m[1m[32mâ†’ Using[0m core/ncurses/6.2/20220311100731
[0m[0m[1m[32mâ˜› Verifying[0m core/libxml2/2.9.12/20220311133931
[0m[0m[1m[32mâ˜› Verifying[0m core/libtool/2.4.6/20220311102922
[0m[0m[1m[32mâ†’ Using[0m core/coreutils/8.32/20220311101609
[0m[0m[1m[32mâ†’ Using[0m core/sed/4.8/20220311101151
[0m[0m[1m[32mâ†’ Using[0m core/grep/3.7/20220311102158
[0m[0m[1m[32mâ†’ Using[0m core/binutils/2.37/20220311083411
[0m[0m[1m[32mâ†’ Using[0m core/pcre/8.45/20220311102054
[0m[0m[1m[32mâ†’ Using[0m core/gcc-libs/9.4.0/20220311083308
[0m[0m[1m[32mâ†’ Using[0m core/acl/2.3.1/20220311101006
[0m[0m[1m[32mâ†’ Using[0m core/gmp/6.2.1/20220311083900
[0m[0m[1m[32mâ†’ Using[0m core/libcap/2.60/20220311101102
[0m[0m[1m[32mâ†’ Using[0m core/attr/2.5.1/20220311100918
[0m[0m[1m[32mâ†’ Using[0m core/openssl/1.0.2zf/20230816063107
[0m[0m[1m[32mâ†’ Using[0m core/zlib/1.2.11/20220311082914
[0m[0m[1m[32mâ†’ Using[0m core/bzip2/1.0.8/20220311100531
[0m[0m[1m[32mâ†’ Using[0m core/xz/5.2.5/20220311104623
[0m[0m[1m[32mâ†’ Using[0m core/cacerts/2021.10.26/20220311110931
[0m[0m[1m[32mâ†’ Using[0m core/openssl-fips/2.0.16/20220311110951
[0m[0m[1m[32mâ†’ Using[0m core/glibc/2.34/20220311081742
[0m[0m[1m[32mâ†’ Using[0m core/linux-headers/4.20.17/20220311081613
[0m[0m[1m[32mâœ“ Installed[0m core/ruby31/3.1.2/20230818191654
[0m[0m[1m[32mâœ“ Installed[0m core/libxslt/1.1.34/20220312081836
[0m[0m[1m[32mâœ“ Installed[0m core/libarchive/3.5.2/20230816095445
[0m[0m[1m[32mâœ“ Installed[0m core/libyaml/0.2.5/20220312092318
[0m[0m[1m[32mâœ“ Installed[0m core/libffi/3.4.2/20220311120049
[0m[0m[1m[32mâœ“ Installed[0m core/nss-myhostname/0.3/20220311210919
[0m[0m[1m[32mâœ“ Installed[0m core/libxml2/2.9.12/20220311133931
[0m[0m[1m[32mâœ“ Installed[0m core/libtool/2.4.6/20220311102922
[0m[0m[1m[32mâœ“ Installed[0m chef/chef-infra-client/18.3.0/20230830115804
[0m[0m[1m[35mâ˜… Install of chef/chef-infra-client/18.3.0/20230830115804 complete with 9 new packages installed.[0m
   [1;36mdeploy-context: [1;37mResolved dependency 'chef/chef-infra-client' to /hab/pkgs/chef/chef-infra-client/18.3.0/20230830115804[0m
[0m[0m[1m[33mÂ» Installing chef/studio-common[0m
[0m[0m[1m[32mâ˜ Determining[0m latest version of chef/studio-common in the 'stable' channel
[0m[0m[1m[32mâ˜› Verifying[0m chef/studio-common/0.1.0/20200422002918
[0m[0m[1m[32mâ˜› Verifying[0m core/cacerts/2020.01.01/20200306005234
[0m[0m[1m[32mâ†“ Downloading[0m core-20200219002627 public origin key
    75 B / 75 B | [========================================] 100.00 % 1.24 MB/s 
[0m[0m[1m[32mâ˜‘ Cached[0m core-20200219002627 public origin key
[0m[0m[1m[32mâ˜› Verifying[0m core/curl/7.68.0/20200319191535
[0m[0m[1m[32mâ˜› Verifying[0m core/glibc/2.29/20200305172459
[0m[0m[1m[32mâ˜› Verifying[0m core/linux-headers/4.19.62/20200305172241
[0m[0m[1m[32mâ˜› Verifying[0m core/nghttp2/1.39.2/20200310022350
[0m[0m[1m[32mâ˜› Verifying[0m core/openssl-fips/2.0.16/20200306005307
[0m[0m[1m[32mâ˜› Verifying[0m core/openssl/1.0.2t/20200306005450
[0m[0m[1m[32mâ˜› Verifying[0m core/zlib/1.2.11/20200305174519
[0m[0m[1m[32mâœ“ Installed[0m core/cacerts/2020.01.01/20200306005234
[0m[0m[1m[32mâœ“ Installed[0m core/curl/7.68.0/20200319191535
[0m[0m[1m[32mâœ“ Installed[0m core/glibc/2.29/20200305172459
[0m[0m[1m[32mâœ“ Installed[0m core/linux-headers/4.19.62/20200305172241
[0m[0m[1m[32mâœ“ Installed[0m core/nghttp2/1.39.2/20200310022350
[0m[0m[1m[32mâœ“ Installed[0m core/openssl-fips/2.0.16/20200306005307
[0m[0m[1m[32mâœ“ Installed[0m core/openssl/1.0.2t/20200306005450
[0m[0m[1m[32mâœ“ Installed[0m core/zlib/1.2.11/20200305174519
[0m[0m[1m[32mâœ“ Installed[0m chef/studio-common/0.1.0/20200422002918
[0m[0m[1m[35mâ˜… Install of chef/studio-common/0.1.0/20200422002918 complete with 9 new packages installed.[0m
   [1;36mdeploy-context: [1;37mResolved dependency 'chef/studio-common' to /hab/pkgs/chef/studio-common/0.1.0/20200422002918[0m
[0m[0m[1m[33mÂ» Installing chef/supermarket[0m
[0m[0m[1m[32mâ˜ Determining[0m latest version of chef/supermarket in the 'stable' channel
[0m[0m[1m[33mÃ˜ No releases of chef/supermarket exist in the 'stable' channel[0m
[0m[0m[1m[33mÃ˜ The following releases were found:[0m
[0m[0m[1m[33mÃ˜   chef/supermarket/5.1.32/20220524075351 in the 'chef-supermarket-main-habitat-build' channel[0m
[0m[0m[1m[33mÃ˜   chef/supermarket/5.1.32/20220524075351 in the 'unstable' channel[0m
[0m[0m[1m[31mâœ—âœ—âœ—[0m
[0m[0m[1m[31mâœ—âœ—âœ— Package not found. [0m
[0m[0m[1m[31mâœ—âœ—âœ—[0m
   [1;36mdeploy-context: [1;33mWARN: [1;37mCould not find a suitable installed package for 'chef/supermarket'[0m
   [1;36mdeploy-context: [1;31mERROR: [1;37mResolving 'chef/supermarket' failed, should this be built first?[0m
   [1;36mdeploy-context: [1;37mBuild time: 0m27s[0m
   [1;36mdeploy-context: [1;31mExiting on error[0m

Script done on 2023-10-05 07:57:26+00:00 [COMMAND_EXIT_CODE="1"]
