Script started on 2023-10-05 07:31:41+00:00 [<not executed on terminal>]
   [1;36m: [1;37mLoading /src/habitat/plan.sh/x86_64-linux/plan.sh[0m
   [1;36mdeploy-context: [1;37mPlan loaded[0m
   [1;36mdeploy-context: [1;37mValidating plan metadata[0m
   [1;36mdeploy-context: [1;37mUsing HAB_BIN=/hab/pkgs/core/hab/1.6.568/20220831181712/bin/hab for installs, signing, and hashing[0m
   [1;36mdeploy-context: [1;37mhab-plan-build setup[0m
--2023-10-05 07:31:41--  https://omnitruck.chef.io/install.sh
Resolving omnitruck.chef.io (omnitruck.chef.io)... 151.101.138.110
Connecting to omnitruck.chef.io (omnitruck.chef.io)|151.101.138.110|:443... connected.
HTTP request sent, awaiting response... 200 OK
Length: 23526 (23K) [application/x-sh]
Saving to: 'install.sh.1'

install.sh.1          0%[                    ]       0  --.-KB/s               install.sh.1        100%[===================>]  22.97K  --.-KB/s    in 0.003s  

2023-10-05 07:31:41 (7.70 MB/s) - 'install.sh.1' saved [23526/23526]

Unable to determine platform version!
Version: 

Please file a Bug Report at https://github.com/chef/omnitruck/issues/new
Alternatively, feel free to open a Support Ticket at https://www.chef.io/support/tickets
More Chef support resources can be found at https://www.chef.io/support

Please include as many details about the problem as possible i.e., how to reproduce
the problem (if possible), type of the Operating System and its version, etc.,
and any other relevant details that might help us with troubleshooting.

   [1;36mdeploy-context: [1;37mBuild time: 0m0s[0m
   [1;36mdeploy-context: [1;31mExiting on error[0m

Script done on 2023-10-05 07:31:41+00:00 [COMMAND_EXIT_CODE="1"]
