Script started on 2023-10-05 07:48:58+00:00 [<not executed on terminal>]
   [1;36m: [1;37mLoading /src/habitat/plan.sh/x86_64-linux/plan.sh[0m
   [1;36mdeploy-context: [1;37mPlan loaded[0m
   [1;36mdeploy-context: [1;37mValidating plan metadata[0m
   [1;36mdeploy-context: [1;37mUsing HAB_BIN=/hab/pkgs/core/hab/1.6.568/20220831181712/bin/hab for installs, signing, and hashing[0m
   [1;36mdeploy-context: [1;37mhab-plan-build setup[0m
Executing action do_begin
   [1;36mdeploy-context: [1;37mWriting pre_build file[0m
   [1;36mdeploy-context: [1;37mResolving build dependencies[0m
   [1;36mdeploy-context: [1;37mResolving run dependencies[0m
[0m[0m[1m[33m» Installing core/sentinel[0m
[0m[0m[1m[32m☁ Determining[0m latest version of core/sentinel in the 'stable' channel
[0m[0m[1m[32m☛ Verifying[0m core/sentinel/0.1.0/20200601125143
[0m[0m[1m[32m☛ Verifying[0m core/acl/2.2.53/20200305230628
[0m[0m[1m[32m↓ Downloading[0m core-20200219002627 public origin key
    75 B / 75 B | [========================================] 100.00 % 1.17 MB/s 
[0m[0m[1m[32m☑ Cached[0m core-20200219002627 public origin key
[0m[0m[1m[32m☛ Verifying[0m core/attr/2.4.48/20200305230504
[0m[0m[1m[32m☛ Verifying[0m core/binutils/2.32/20200305174809
[0m[0m[1m[32m☛ Verifying[0m core/bzip2/1.0.8/20200305225842
[0m[0m[1m[32m☛ Verifying[0m core/cacerts/2020.01.01/20200306005234
[0m[0m[1m[32m☛ Verifying[0m core/coreutils/8.30/20200305231640
[0m[0m[1m[32m☛ Verifying[0m core/curl/7.68.0/20200601114640
[0m[0m[1m[32m☛ Verifying[0m core/db/5.3.28/20200305234355
[0m[0m[1m[32m☛ Verifying[0m core/expat/2.2.7/20200305234221
[0m[0m[1m[32m☛ Verifying[0m core/gcc-libs/9.1.0/20200305225533
[0m[0m[1m[32m☛ Verifying[0m core/gdbm/1.18.1/20200305234038
[0m[0m[1m[32m☛ Verifying[0m core/gettext/0.20.1/20200306001518
[0m[0m[1m[32m☛ Verifying[0m core/git/2.26.2/20200601121014
[0m[0m[1m[32m☛ Verifying[0m core/glibc/2.29/20200305172459
[0m[0m[1m[32m☛ Verifying[0m core/gmp/6.1.2/20200305175803
[0m[0m[1m[32m☛ Verifying[0m core/grep/3.3/20200305232635
[0m[0m[1m[32m☛ Verifying[0m core/less/530/20200305235121
[0m[0m[1m[32m☛ Verifying[0m core/libcap/2.27/20200305230759
[0m[0m[1m[32m☛ Verifying[0m core/libffi/3.2.1/20200310021445
[0m[0m[1m[32m☛ Verifying[0m core/libtool/2.4.6/20200305233901
[0m[0m[1m[32m☛ Verifying[0m core/libyaml/0.1.7/20200404040327
[0m[0m[1m[32m↓ Downloading[0m core-20200331193006 public origin key
    75 B / 75 B | [========================================] 100.00 % 1.20 MB/s 
[0m[0m[1m[32m☑ Cached[0m core-20200331193006 public origin key
[0m[0m[1m[32m☛ Verifying[0m core/linux-headers/4.19.62/20200305172241
[0m[0m[1m[32m☛ Verifying[0m core/ncurses/6.1/20200305230210
[0m[0m[1m[32m☛ Verifying[0m core/nghttp2/1.40.0/20200506083229
[0m[0m[1m[32m☛ Verifying[0m core/nss-myhostname/0.3/20200403172913
[0m[0m[1m[32m☛ Verifying[0m core/openssh/7.5p1/20200319192011
[0m[0m[1m[32m☛ Verifying[0m core/openssl-fips/2.0.16/20200306005307
[0m[0m[1m[32m☛ Verifying[0m core/openssl/1.0.2t/20200306005450
[0m[0m[1m[32m☛ Verifying[0m core/pcre/8.42/20200305232429
[0m[0m[1m[32m☛ Verifying[0m core/perl/5.30.0/20200305235250
[0m[0m[1m[32m☛ Verifying[0m core/readline/8.0/20200305232850
[0m[0m[1m[32m☛ Verifying[0m core/ruby/2.5.7/20200404130135
[0m[0m[1m[32m☛ Verifying[0m core/sed/4.5/20200305230928
[0m[0m[1m[32m☛ Verifying[0m core/xz/5.2.4/20200306001321
[0m[0m[1m[32m☛ Verifying[0m core/zlib/1.2.11/20200305174519
[0m[0m[1m[32m✓ Installed[0m core/acl/2.2.53/20200305230628
[0m[0m[1m[32m✓ Installed[0m core/attr/2.4.48/20200305230504
[0m[0m[1m[32m✓ Installed[0m core/binutils/2.32/20200305174809
[0m[0m[1m[32m✓ Installed[0m core/bzip2/1.0.8/20200305225842
[0m[0m[1m[32m✓ Installed[0m core/cacerts/2020.01.01/20200306005234
[0m[0m[1m[32m✓ Installed[0m core/coreutils/8.30/20200305231640
[0m[0m[1m[32m✓ Installed[0m core/curl/7.68.0/20200601114640
[0m[0m[1m[32m✓ Installed[0m core/db/5.3.28/20200305234355
[0m[0m[1m[32m✓ Installed[0m core/expat/2.2.7/20200305234221
[0m[0m[1m[32m✓ Installed[0m core/gcc-libs/9.1.0/20200305225533
[0m[0m[1m[32m✓ Installed[0m core/gdbm/1.18.1/20200305234038
[0m[0m[1m[32m✓ Installed[0m core/gettext/0.20.1/20200306001518
[0m[0m[1m[32m✓ Installed[0m core/git/2.26.2/20200601121014
[0m[0m[1m[32m✓ Installed[0m core/glibc/2.29/20200305172459
[0m[0m[1m[32m✓ Installed[0m core/gmp/6.1.2/20200305175803
[0m[0m[1m[32m✓ Installed[0m core/grep/3.3/20200305232635
[0m[0m[1m[32m✓ Installed[0m core/less/530/20200305235121
[0m[0m[1m[32m✓ Installed[0m core/libcap/2.27/20200305230759
[0m[0m[1m[32m✓ Installed[0m core/libffi/3.2.1/20200310021445
[0m[0m[1m[32m✓ Installed[0m core/libtool/2.4.6/20200305233901
[0m[0m[1m[32m✓ Installed[0m core/libyaml/0.1.7/20200404040327
[0m[0m[1m[32m✓ Installed[0m core/linux-headers/4.19.62/20200305172241
[0m[0m[1m[32m✓ Installed[0m core/ncurses/6.1/20200305230210
[0m[0m[1m[32m✓ Installed[0m core/nghttp2/1.40.0/20200506083229
[0m[0m[1m[32m✓ Installed[0m core/nss-myhostname/0.3/20200403172913
[0m[0m[1m[32m✓ Installed[0m core/openssh/7.5p1/20200319192011
[0m[0m[1m[32m✓ Installed[0m core/openssl-fips/2.0.16/20200306005307
[0m[0m[1m[32m✓ Installed[0m core/openssl/1.0.2t/20200306005450
[0m[0m[1m[32m✓ Installed[0m core/pcre/8.42/20200305232429
[0m[0m[1m[32m✓ Installed[0m core/perl/5.30.0/20200305235250
[0m[0m[1m[32m✓ Installed[0m core/readline/8.0/20200305232850
[0m[0m[1m[32m✓ Installed[0m core/ruby/2.5.7/20200404130135
[0m[0m[1m[32m✓ Installed[0m core/sed/4.5/20200305230928
[0m[0m[1m[32m✓ Installed[0m core/xz/5.2.4/20200306001321
[0m[0m[1m[32m✓ Installed[0m core/zlib/1.2.11/20200305174519
[0m[0m[1m[32m✓ Installed[0m core/sentinel/0.1.0/20200601125143
[0m[0m[1m[35m★ Install of core/sentinel/0.1.0/20200601125143 complete with 36 new packages installed.[0m
   [1;36mdeploy-context: [1;37mResolved dependency 'core/sentinel' to /hab/pkgs/core/sentinel/0.1.0/20200601125143[0m
   [1;36mdeploy-context: [1;37mSetting up environment[0m
   [1;36mdeploy-context: [1;37mPopulating runtime environment from dependencies[0m
   [1;36mdeploy-context: [1;37mPopulating buildtime environment from dependencies[0m
   [1;36mdeploy-context: [1;37mLayering runtime environment on top of system environment[0m
   [1;36mdeploy-context: [1;37mLayering buildtime environment on top of system environment[0m
   [1;36mdeploy-context: [1;37mSetting PATH=/hab/pkgs/core/sentinel/0.1.0/20200601125143/bin:/hab/pkgs/core/acl/2.2.53/20200305230628/bin:/hab/pkgs/core/attr/2.4.48/20200305230504/bin:/hab/pkgs/core/binutils/2.32/20200305174809/bin:/hab/pkgs/core/bzip2/1.0.8/20200305225842/bin:/hab/pkgs/core/coreutils/8.30/20200305231640/bin:/hab/pkgs/core/curl/7.68.0/20200601114640/bin:/hab/pkgs/core/db/5.3.28/20200305234355/bin:/hab/pkgs/core/expat/2.2.7/20200305234221/bin:/hab/pkgs/core/gdbm/1.18.1/20200305234038/bin:/hab/pkgs/core/gettext/0.20.1/20200306001518/bin:/hab/pkgs/core/git/2.26.2/20200601121014/bin:/hab/pkgs/core/glibc/2.29/20200305172459/bin:/hab/pkgs/core/grep/3.3/20200305232635/bin:/hab/pkgs/core/less/530/20200305235121/bin:/hab/pkgs/core/libcap/2.27/20200305230759/bin:/hab/pkgs/core/libtool/2.4.6/20200305233901/bin:/hab/pkgs/core/ncurses/6.1/20200305230210/bin:/hab/pkgs/core/openssh/7.5p1/20200319192011/bin:/hab/pkgs/core/openssh/7.5p1/20200319192011/sbin:/hab/pkgs/core/openssh/7.5p1/20200319192011/libexec:/hab/pkgs/core/openssl-fips/2.0.16/20200306005307/bin:/hab/pkgs/core/openssl/1.0.2t/20200306005450/bin:/hab/pkgs/core/pcre/8.42/20200305232429/bin:/hab/pkgs/core/perl/5.30.0/20200305235250/bin:/hab/pkgs/core/ruby/2.5.7/20200404130135/bin:/hab/pkgs/core/sed/4.5/20200305230928/bin:/hab/pkgs/core/xz/5.2.4/20200306001321/bin:/hab/pkgs/core/hab-plan-build/1.6.568/20220831183139/bin:/hab/pkgs/core/bash/5.1/20220311102415/bin:/hab/pkgs/core/binutils/2.37/20220311083411/bin:/hab/pkgs/core/coreutils/8.32/20220311101609/bin:/hab/pkgs/core/file/5.41/20220311083211/bin:/hab/pkgs/core/findutils/4.9.0/20220311104411/bin:/hab/pkgs/core/gawk/5.1.0/20220311102814/bin:/hab/pkgs/core/grep/3.7/20220311102158/bin:/hab/pkgs/core/gzip/1.11/20220311105137/bin:/hab/pkgs/core/hab/1.6.568/20220831181712/bin:/hab/pkgs/core/rq/0.10.4/20220311112035/bin:/hab/pkgs/core/sed/4.8/20220311101151/bin:/hab/pkgs/core/tar/1.34/20220311102650/bin:/hab/pkgs/core/unzip/6.0/20220311111952/bin:/hab/pkgs/core/wget/1.21.2/20220311111811/bin:/hab/pkgs/core/xz/5.2.5/20220311104623/bin:/hab/pkgs/core/libcap/2.60/20220311101102/bin:/hab/pkgs/core/less/590/20220311103557/bin:/hab/pkgs/core/ncurses/6.2/20220311100731/bin:/hab/pkgs/core/acl/2.3.1/20220311101006/bin:/hab/pkgs/core/attr/2.5.1/20220311100918/bin:/hab/pkgs/core/bzip2/1.0.8/20220311100531/bin:/hab/pkgs/core/libidn2/2.3.2/20220311111710/bin:/hab/pkgs/core/openssl/1.0.2zb/20220311111046/bin:/hab/pkgs/core/pcre/8.45/20220311102054/bin:/hab/pkgs/core/openssl-fips/2.0.16/20220311110951/bin:/hab/pkgs/core/glibc/2.34/20220311081742/bin:/hab/bin:/hab/pkgs/core/hab-plan-build/1.6.568/20220831183139/bin:/hab/pkgs/core/diffutils/3.8/20220311104054/bin:/hab/pkgs/core/less/590/20220311103557/bin:/hab/pkgs/core/make/4.3/20220311105244/bin:/hab/pkgs/core/mg/20180927/20220311114614/bin:/hab/pkgs/core/util-linux/2.37/20220311105626/bin:/hab/pkgs/core/vim/8.2.2825/20220311114125/bin:/hab/pkgs/core/ncurses/6.2/20220311100731/bin:/hab/pkgs/core/bash/5.1/20220311102415/bin:/hab/pkgs/core/binutils/2.37/20220311083411/bin:/hab/pkgs/core/coreutils/8.32/20220311101609/bin:/hab/pkgs/core/file/5.41/20220311083211/bin:/hab/pkgs/core/findutils/4.9.0/20220311104411/bin:/hab/pkgs/core/gawk/5.1.0/20220311102814/bin:/hab/pkgs/core/gzip/1.11/20220311105137/bin:/hab/pkgs/core/hab/1.6.568/20220831181712/bin:/hab/pkgs/core/rq/0.10.4/20220311112035/bin:/hab/pkgs/core/sed/4.8/20220311101151/bin:/hab/pkgs/core/tar/1.34/20220311102650/bin:/hab/pkgs/core/unzip/6.0/20220311111952/bin:/hab/pkgs/core/wget/1.21.2/20220311111811/bin:/hab/pkgs/core/xz/5.2.5/20220311104623/bin:/hab/pkgs/core/libcap/2.60/20220311101102/bin:/hab/pkgs/core/grep/3.7/20220311102158/bin:/hab/pkgs/core/bzip2/1.0.8/20220311100531/bin:/hab/pkgs/core/libidn2/2.3.2/20220311111710/bin:/hab/pkgs/core/openssl/1.0.2zb/20220311111046/bin:/hab/pkgs/core/openssl-fips/2.0.16/20220311110951/bin:/hab/pkgs/core/pcre/8.45/20220311102054/bin:/hab/pkgs/core/libmd/1.0.4/20220311114359/bin:/hab/pkgs/core/acl/2.3.1/20220311101006/bin:/hab/pkgs/core/attr/2.5.1/20220311100918/bin:/hab/pkgs/core/glibc/2.34/20220311081742/bin:/hab/bin[0m
mkdir: created directory '/hab/cache/src'
Executing action do_download
Executing action do_default_verify
Executing action do_clean
Executing action do_unpack
   [1;36mdeploy-context: [1;37mSetting build environment[0m
mkdir: created directory '/hab/cache/src/deploy-context-2.2.0'
   [1;36mdeploy-context: [1;37mSetting PREFIX=/hab/pkgs/jimbodragon/deploy-context/2.2.0/20231005074858[0m
   [1;36mdeploy-context: [1;37mSetting LD_RUN_PATH=/hab/pkgs/core/sentinel/0.1.0/20200601125143//hab/pkgs/core/sentinel/0.1.0/20200601125143/bundle/ruby/2.5.0/gems/eventmachine-1.2.7/lib
/hab/pkgs/core/sentinel/0.1.0/20200601125143/bundle/ruby/2.5.0/gems/ffi-1.13.0/lib
/hab/pkgs/core/sentinel/0.1.0/20200601125143/bundle/ruby/2.5.0/gems/json-2.3.0/lib/json/ext
/hab/pkgs/core/sentinel/0.1.0/20200601125143/bundle/ruby/2.5.0/gems/rugged-1.0.0/lib/rugged
/hab/pkgs/core/sentinel/0.1.0/20200601125143/bundle/ruby/2.5.0/gems/thin-1.7.2/lib[0m
   [1;36mdeploy-context: [1;37mSetting CFLAGS=[0m
   [1;36mdeploy-context: [1;37mSetting CXXFLAGS=[0m
   [1;36mdeploy-context: [1;37mSetting CPPFLAGS=[0m
   [1;36mdeploy-context: [1;37mSetting LDFLAGS=-L/hab/pkgs/core/sentinel/0.1.0/20200601125143//hab/pkgs/core/sentinel/0.1.0/20200601125143/bundle/ruby/2.5.0/gems/eventmachine-1.2.7/lib
/hab/pkgs/core/sentinel/0.1.0/20200601125143/bundle/ruby/2.5.0/gems/ffi-1.13.0/lib
/hab/pkgs/core/sentinel/0.1.0/20200601125143/bundle/ruby/2.5.0/gems/json-2.3.0/lib/json/ext
/hab/pkgs/core/sentinel/0.1.0/20200601125143/bundle/ruby/2.5.0/gems/rugged-1.0.0/lib/rugged
/hab/pkgs/core/sentinel/0.1.0/20200601125143/bundle/ruby/2.5.0/gems/thin-1.7.2/lib[0m
   [1;36mdeploy-context: [1;37mSetting PKG_CONFIG_PATH=[0m
   [1;36mdeploy-context: [1;37mPreparing to build[0m
Executing action do_default_prepare
   [1;36mdeploy-context: [1;37mBuilding[0m
/hab/pkgs/core/hab-plan-build/1.6.568/20220831183139/bin/hab-plan-build: line 1885: ./configure: No such file or directory
   [1;36mdeploy-context: [1;37mBuild time: 0m16s[0m
   [1;36mdeploy-context: [1;31mExiting on error[0m

Script done on 2023-10-05 07:49:14+00:00 [COMMAND_EXIT_CODE="127"]
