Script started on 2023-10-05 07:56:21+00:00 [<not executed on terminal>]
   [1;36m: [1;37mLoading /src/habitat/plan.sh/x86_64-linux/plan.sh[0m
   [1;36mdeploy-context: [1;37mPlan loaded[0m
   [1;36mdeploy-context: [1;37mValidating plan metadata[0m
   [1;36mdeploy-context: [1;37mUsing HAB_BIN=/hab/pkgs/core/hab/1.6.568/20220831181712/bin/hab for installs, signing, and hashing[0m
   [1;36mdeploy-context: [1;37mhab-plan-build setup[0m
Executing action do_begin at version 2.2.0
   [1;36mdeploy-context: [1;37mWriting pre_build file[0m
   [1;36mdeploy-context: [1;37mResolving build dependencies[0m
   [1;36mdeploy-context: [1;37mResolving run dependencies[0m
[0m[0m[1m[33mÂ» Installing core/glibc[0m
[0m[0m[1m[32mâ˜ Determining[0m latest version of core/glibc in the 'stable' channel
[0m[0m[1m[32mâ†’ Using[0m core/glibc/2.34/20220311081742
[0m[0m[1m[35mâ˜… Install of core/glibc/2.34/20220311081742 complete with 0 new packages installed.[0m
   [1;36mdeploy-context: [1;37mResolved dependency 'core/glibc' to /hab/pkgs/core/glibc/2.34/20220311081742[0m
[0m[0m[1m[33mÂ» Installing core/curl[0m
[0m[0m[1m[32mâ˜ Determining[0m latest version of core/curl in the 'stable' channel
[0m[0m[1m[32mâ˜› Verifying[0m core/curl/7.79.1/20230816065924
[0m[0m[1m[32mâ˜› Verifying[0m core/openssl/1.0.2zf/20230816063107
[0m[0m[1m[32mâ†’ Using[0m core/zlib/1.2.11/20220311082914
[0m[0m[1m[32mâ˜› Verifying[0m core/nghttp2/1.46.0/20220817113611
[0m[0m[1m[32mâ†“ Downloading[0m core-20220817080933 public origin key
    75 B / 75 B | [========================================] 100.00 % 1.55 MB/s 
[0m[0m[1m[32mâ˜‘ Cached[0m core-20220817080933 public origin key
[0m[0m[1m[32mâ†’ Using[0m core/cacerts/2021.10.26/20220311110931
[0m[0m[1m[32mâ†’ Using[0m core/openssl-fips/2.0.16/20220311110951
[0m[0m[1m[32mâ†’ Using[0m core/glibc/2.34/20220311081742
[0m[0m[1m[32mâ†’ Using[0m core/linux-headers/4.20.17/20220311081613
[0m[0m[1m[32mâœ“ Installed[0m core/openssl/1.0.2zf/20230816063107
[0m[0m[1m[32mâœ“ Installed[0m core/nghttp2/1.46.0/20220817113611
[0m[0m[1m[32mâœ“ Installed[0m core/curl/7.79.1/20230816065924
[0m[0m[1m[35mâ˜… Install of core/curl/7.79.1/20230816065924 complete with 3 new packages installed.[0m
   [1;36mdeploy-context: [1;37mResolved dependency 'core/curl' to /hab/pkgs/core/curl/7.79.1/20230816065924[0m
[0m[0m[1m[33mÂ» Installing chef/chef_repo[0m
[0m[0m[1m[32mâ˜ Determining[0m latest version of chef/chef_repo in the 'stable' channel
[0m[0m[1m[31mâœ—âœ—âœ—[0m
[0m[0m[1m[31mâœ—âœ—âœ— Package not found. [0m
[0m[0m[1m[31mâœ—âœ—âœ—[0m
   [1;36mdeploy-context: [1;33mWARN: [1;37mCould not find a suitable installed package for 'chef/chef_repo'[0m
   [1;36mdeploy-context: [1;31mERROR: [1;37mResolving 'chef/chef_repo' failed, should this be built first?[0m
   [1;36mdeploy-context: [1;37mBuild time: 0m18s[0m
   [1;36mdeploy-context: [1;31mExiting on error[0m

Script done on 2023-10-05 07:56:39+00:00 [COMMAND_EXIT_CODE="1"]
