Script started on 2023-10-12 05:39:55+00:00 [<not executed on terminal>]
   [1;36m: [1;37mLoading /src/habitat/plan.sh/x86_64-linux/plan.sh[0m
   [1;36mdeploy-context: [1;37mPlan loaded[0m
   [1;36mdeploy-context: [1;37mValidating plan metadata[0m
   [1;36mdeploy-context: [1;37mUsing HAB_BIN=/hab/pkgs/core/hab/1.6.568/20220831181712/bin/hab for installs, signing, and hashing[0m
   [1;36mdeploy-context: [1;37mhab-plan-build setup[0m
   [1;36mdeploy-context: [1;37mWriting pre_build file[0m
   [1;36mdeploy-context: [1;37mResolving scaffolding dependencies[0m
[0m[0m[1m[33mÂ» Installing core/scaffolding-ruby[0m
[0m[0m[1m[32mâ˜ Determining[0m latest version of core/scaffolding-ruby in the 'stable' channel
[0m[0m[1m[32mâ˜› Verifying[0m core/scaffolding-ruby/0.8.11/20230822123619
[0m[0m[1m[32mâ˜› Verifying[0m core/bundler/2.2.33/20230822122238
[0m[0m[1m[32mâ†’ Using[0m core/tar/1.34/20220311102650
[0m[0m[1m[32mâ†’ Using[0m core/rq/0.10.4/20220311112035
[0m[0m[1m[32mâ˜› Verifying[0m core/gcc/9.4.0/20220311084247
[0m[0m[1m[32mâ†’ Using[0m core/make/4.3/20220311105244
[0m[0m[1m[32mâ˜› Verifying[0m core/pkg-config/0.29.2/20220311100618
[0m[0m[1m[32mâ˜› Verifying[0m core/ruby/3.0.3/20230822120944
[0m[0m[1m[32mâ˜› Verifying[0m core/busybox-static/1.34.1/20220311112317
[0m[0m[1m[32mâ˜› Verifying[0m core/openssl/1.0.2zf/20230816063107
[0m[0m[1m[32mâ˜› Verifying[0m core/libyaml/0.2.5/20220312092318
[0m[0m[1m[32mâ˜› Verifying[0m core/libffi/3.4.2/20220311120049
[0m[0m[1m[32mâ†’ Using[0m core/readline/8.1/20220311102318
[0m[0m[1m[32mâ˜› Verifying[0m core/nss-myhostname/0.3/20220311210919
[0m[0m[1m[32mâ†’ Using[0m core/cacerts/2021.10.26/20220311110931
[0m[0m[1m[32mâ†’ Using[0m core/openssl-fips/2.0.16/20220311110951
[0m[0m[1m[32mâ˜› Verifying[0m core/libtool/2.4.6/20220311102922
[0m[0m[1m[32mâ†’ Using[0m core/coreutils/8.32/20220311101609
[0m[0m[1m[32mâ†’ Using[0m core/sed/4.8/20220311101151
[0m[0m[1m[32mâ†’ Using[0m core/grep/3.7/20220311102158
[0m[0m[1m[32mâ†’ Using[0m core/libcap/2.60/20220311101102
[0m[0m[1m[32mâ†’ Using[0m core/pcre/8.45/20220311102054
[0m[0m[1m[32mâ†’ Using[0m core/ncurses/6.2/20220311100731
[0m[0m[1m[32mâ†’ Using[0m core/acl/2.3.1/20220311101006
[0m[0m[1m[32mâ†’ Using[0m core/attr/2.5.1/20220311100918
[0m[0m[1m[32mâ˜› Verifying[0m core/libmpc/1.2.1/20220311084147
[0m[0m[1m[32mâ†’ Using[0m core/binutils/2.37/20220311083411
[0m[0m[1m[32mâ†’ Using[0m core/mpfr/4.1.0/20220311084038
[0m[0m[1m[32mâ†’ Using[0m core/gmp/6.2.1/20220311083900
[0m[0m[1m[32mâ†’ Using[0m core/gcc-libs/9.4.0/20220311083308
[0m[0m[1m[32mâ†’ Using[0m core/zlib/1.2.11/20220311082914
[0m[0m[1m[32mâ†’ Using[0m core/glibc/2.34/20220311081742
[0m[0m[1m[32mâ†’ Using[0m core/linux-headers/4.20.17/20220311081613
[0m[0m[1m[32mâœ“ Installed[0m core/bundler/2.2.33/20230822122238
[0m[0m[1m[32mâœ“ Installed[0m core/gcc/9.4.0/20220311084247
[0m[0m[1m[32mâœ“ Installed[0m core/pkg-config/0.29.2/20220311100618
[0m[0m[1m[32mâœ“ Installed[0m core/ruby/3.0.3/20230822120944
[0m[0m[1m[32mâœ“ Installed[0m core/busybox-static/1.34.1/20220311112317
[0m[0m[1m[32mâœ“ Installed[0m core/openssl/1.0.2zf/20230816063107
[0m[0m[1m[32mâœ“ Installed[0m core/libyaml/0.2.5/20220312092318
[0m[0m[1m[32mâœ“ Installed[0m core/libffi/3.4.2/20220311120049
[0m[0m[1m[32mâœ“ Installed[0m core/nss-myhostname/0.3/20220311210919
[0m[0m[1m[32mâœ“ Installed[0m core/libtool/2.4.6/20220311102922
[0m[0m[1m[32mâœ“ Installed[0m core/libmpc/1.2.1/20220311084147
[0m[0m[1m[32mâœ“ Installed[0m core/scaffolding-ruby/0.8.11/20230822123619
[0m[0m[1m[35mâ˜… Install of core/scaffolding-ruby/0.8.11/20230822123619 complete with 12 new packages installed.[0m
   [1;36mdeploy-context: [1;37mResolved scaffolding dependency 'core/scaffolding-ruby' to /hab/pkgs/core/scaffolding-ruby/0.8.11/20230822123619[0m
   [1;36mdeploy-context: [1;37mLoading Scaffolding /hab/pkgs/core/scaffolding-ruby/0.8.11/20230822123619/lib/scaffolding.sh[0m
   [1;36mdeploy-context: [1;37mNo Gemfile.lock found, running 'bundle lock'[0m
Resolving dependencies...Fetching gem metadata from https://rubygems.org/........
.................................................................................................................................................................................................................................................................................................................................................................................................................................................................................................................................................................................................................................................................................................................................................
Writing lockfile to /src/habitat/plan.sh/Gemfile.lock
changed ownership of 'Gemfile.lock' from root:root to 1000:1000
   [1;36mdeploy-context: [1;37mDetected Rack app type[0m
   [1;36mdeploy-context: [1;37mAdding git to build dependencies[0m
   [1;36mdeploy-context: [1;37mAdding Busybox package to run dependencies[0m
No Ruby version found in ./Gemfile.lock
   [1;36mdeploy-context: [1;37mNo Ruby version detected in Plan or Gemfile.lock, using default 'core/ruby'[0m
   [1;36mdeploy-context: [1;37mSetting pkg_svc_run='deploy-context-web'[0m
   [1;36mdeploy-context: [1;37mResolving build dependencies[0m
[0m[0m[1m[33mÂ» Installing core/git[0m
[0m[0m[1m[32mâ˜ Determining[0m latest version of core/git in the 'stable' channel
[0m[0m[1m[32mâ˜› Verifying[0m core/git/2.33.1/20230816101621
[0m[0m[1m[32mâ˜› Verifying[0m core/curl/7.79.1/20230816065924
[0m[0m[1m[32mâ˜› Verifying[0m core/expat/2.4.6/20220311103124
[0m[0m[1m[32mâ˜› Verifying[0m core/gettext/0.21/20220311104729
[0m[0m[1m[32mâ˜› Verifying[0m core/openssh/7.9p1/20230816095218
[0m[0m[1m[32mâ˜› Verifying[0m core/perl/5.34.0/20220311103651
[0m[0m[1m[32mâ†’ Using[0m core/sed/4.8/20220311101151
[0m[0m[1m[32mâ˜› Verifying[0m core/nghttp2/1.46.0/20220817113611
[0m[0m[1m[32mâ†“ Downloading[0m core-20220817080933 public origin key
    75 B / 75 B | [========================================] 100.00 % 1.12 MB/s 
[0m[0m[1m[32mâ˜‘ Cached[0m core-20220817080933 public origin key
[0m[0m[1m[32mâ†’ Using[0m core/xz/5.2.5/20220311104623
[0m[0m[1m[32mâ†’ Using[0m core/openssl/1.0.2zf/20230816063107
[0m[0m[1m[32mâ†’ Using[0m core/cacerts/2021.10.26/20220311110931
[0m[0m[1m[32mâ†’ Using[0m core/openssl-fips/2.0.16/20220311110951
[0m[0m[1m[32mâ†’ Using[0m core/bzip2/1.0.8/20220311100531
[0m[0m[1m[32mâ˜› Verifying[0m core/gdbm/1.22/20220311103026
[0m[0m[1m[32mâ˜› Verifying[0m core/db/5.3.28/20220311103217
[0m[0m[1m[32mâ†’ Using[0m core/coreutils/8.32/20220311101609
[0m[0m[1m[32mâ†’ Using[0m core/less/590/20220311103557
[0m[0m[1m[32mâ†’ Using[0m core/gmp/6.2.1/20220311083900
[0m[0m[1m[32mâ†’ Using[0m core/libcap/2.60/20220311101102
[0m[0m[1m[32mâ†’ Using[0m core/ncurses/6.2/20220311100731
[0m[0m[1m[32mâ†’ Using[0m core/pcre/8.45/20220311102054
[0m[0m[1m[32mâ†’ Using[0m core/gcc-libs/9.4.0/20220311083308
[0m[0m[1m[32mâ†’ Using[0m core/zlib/1.2.11/20220311082914
[0m[0m[1m[32mâ†’ Using[0m core/acl/2.3.1/20220311101006
[0m[0m[1m[32mâ†’ Using[0m core/attr/2.5.1/20220311100918
[0m[0m[1m[32mâ†’ Using[0m core/glibc/2.34/20220311081742
[0m[0m[1m[32mâ†’ Using[0m core/linux-headers/4.20.17/20220311081613
[0m[0m[1m[32mâœ“ Installed[0m core/curl/7.79.1/20230816065924
[0m[0m[1m[32mâœ“ Installed[0m core/expat/2.4.6/20220311103124
[0m[0m[1m[32mâœ“ Installed[0m core/gettext/0.21/20220311104729
[0m[0m[1m[32mâœ“ Installed[0m core/openssh/7.9p1/20230816095218
[0m[0m[1m[32mâœ“ Installed[0m core/perl/5.34.0/20220311103651
[0m[0m[1m[32mâœ“ Installed[0m core/nghttp2/1.46.0/20220817113611
[0m[0m[1m[32mâœ“ Installed[0m core/gdbm/1.22/20220311103026
[0m[0m[1m[32mâœ“ Installed[0m core/db/5.3.28/20220311103217
[0m[0m[1m[32mâœ“ Installed[0m core/git/2.33.1/20230816101621
[0m[0m[1m[35mâ˜… Install of core/git/2.33.1/20230816101621 complete with 9 new packages installed.[0m
   [1;36mdeploy-context: [1;37mResolved build dependency 'core/git' to /hab/pkgs/core/git/2.33.1/20230816101621[0m
[0m[0m[1m[33mÂ» Installing core/scaffolding-ruby[0m
[0m[0m[1m[32mâ˜ Determining[0m latest version of core/scaffolding-ruby in the 'stable' channel
[0m[0m[1m[32mâ†’ Using[0m core/scaffolding-ruby/0.8.11/20230822123619
[0m[0m[1m[35mâ˜… Install of core/scaffolding-ruby/0.8.11/20230822123619 complete with 0 new packages installed.[0m
   [1;36mdeploy-context: [1;37mResolved build dependency 'core/scaffolding-ruby' to /hab/pkgs/core/scaffolding-ruby/0.8.11/20230822123619[0m
[0m[0m[1m[33mÂ» Installing core/bundler/2.2.33/20230822122238[0m
[0m[0m[1m[32mâ†’ Using[0m core/bundler/2.2.33/20230822122238
[0m[0m[1m[35mâ˜… Install of core/bundler/2.2.33/20230822122238 complete with 0 new packages installed.[0m
   [1;36mdeploy-context: [1;37mResolved build dependency 'core/bundler/2.2.33/20230822122238' to /hab/pkgs/core/bundler/2.2.33/20230822122238[0m
[0m[0m[1m[33mÂ» Installing core/ruby/3.0.3/20230822120944[0m
[0m[0m[1m[32mâ†’ Using[0m core/ruby/3.0.3/20230822120944
[0m[0m[1m[35mâ˜… Install of core/ruby/3.0.3/20230822120944 complete with 0 new packages installed.[0m
   [1;36mdeploy-context: [1;37mResolved build dependency 'core/ruby/3.0.3/20230822120944' to /hab/pkgs/core/ruby/3.0.3/20230822120944[0m
[0m[0m[1m[33mÂ» Installing core/tar/1.34/20220311102650[0m
[0m[0m[1m[32mâ†’ Using[0m core/tar/1.34/20220311102650
[0m[0m[1m[35mâ˜… Install of core/tar/1.34/20220311102650 complete with 0 new packages installed.[0m
   [1;36mdeploy-context: [1;37mResolved build dependency 'core/tar/1.34/20220311102650' to /hab/pkgs/core/tar/1.34/20220311102650[0m
[0m[0m[1m[33mÂ» Installing core/busybox-static/1.34.1/20220311112317[0m
[0m[0m[1m[32mâ†’ Using[0m core/busybox-static/1.34.1/20220311112317
[0m[0m[1m[35mâ˜… Install of core/busybox-static/1.34.1/20220311112317 complete with 0 new packages installed.[0m
   [1;36mdeploy-context: [1;37mResolved build dependency 'core/busybox-static/1.34.1/20220311112317' to /hab/pkgs/core/busybox-static/1.34.1/20220311112317[0m
[0m[0m[1m[33mÂ» Installing core/rq/0.10.4/20220311112035[0m
[0m[0m[1m[32mâ†’ Using[0m core/rq/0.10.4/20220311112035
[0m[0m[1m[35mâ˜… Install of core/rq/0.10.4/20220311112035 complete with 0 new packages installed.[0m
   [1;36mdeploy-context: [1;37mResolved build dependency 'core/rq/0.10.4/20220311112035' to /hab/pkgs/core/rq/0.10.4/20220311112035[0m
[0m[0m[1m[33mÂ» Installing core/gcc/9.4.0/20220311084247[0m
[0m[0m[1m[32mâ†’ Using[0m core/gcc/9.4.0/20220311084247
[0m[0m[1m[35mâ˜… Install of core/gcc/9.4.0/20220311084247 complete with 0 new packages installed.[0m
   [1;36mdeploy-context: [1;37mResolved build dependency 'core/gcc/9.4.0/20220311084247' to /hab/pkgs/core/gcc/9.4.0/20220311084247[0m
[0m[0m[1m[33mÂ» Installing core/make/4.3/20220311105244[0m
[0m[0m[1m[32mâ†’ Using[0m core/make/4.3/20220311105244
[0m[0m[1m[35mâ˜… Install of core/make/4.3/20220311105244 complete with 0 new packages installed.[0m
   [1;36mdeploy-context: [1;37mResolved build dependency 'core/make/4.3/20220311105244' to /hab/pkgs/core/make/4.3/20220311105244[0m
[0m[0m[1m[33mÂ» Installing core/pkg-config/0.29.2/20220311100618[0m
[0m[0m[1m[32mâ†’ Using[0m core/pkg-config/0.29.2/20220311100618
[0m[0m[1m[35mâ˜… Install of core/pkg-config/0.29.2/20220311100618 complete with 0 new packages installed.[0m
   [1;36mdeploy-context: [1;37mResolved build dependency 'core/pkg-config/0.29.2/20220311100618' to /hab/pkgs/core/pkg-config/0.29.2/20220311100618[0m
   [1;36mdeploy-context: [1;37mResolving run dependencies[0m
[0m[0m[1m[33mÂ» Installing core/ruby[0m
[0m[0m[1m[32mâ˜ Determining[0m latest version of core/ruby in the 'stable' channel
[0m[0m[1m[32mâ†’ Using[0m core/ruby/3.0.3/20230822120944
[0m[0m[1m[35mâ˜… Install of core/ruby/3.0.3/20230822120944 complete with 0 new packages installed.[0m
   [1;36mdeploy-context: [1;37mResolved dependency 'core/ruby' to /hab/pkgs/core/ruby/3.0.3/20230822120944[0m
[0m[0m[1m[33mÂ» Installing core/busybox-static[0m
[0m[0m[1m[32mâ˜ Determining[0m latest version of core/busybox-static in the 'stable' channel
[0m[0m[1m[32mâ†’ Using[0m core/busybox-static/1.34.1/20220311112317
[0m[0m[1m[35mâ˜… Install of core/busybox-static/1.34.1/20220311112317 complete with 0 new packages installed.[0m
   [1;36mdeploy-context: [1;37mResolved dependency 'core/busybox-static' to /hab/pkgs/core/busybox-static/1.34.1/20220311112317[0m
   [1;36mdeploy-context: [1;37mSetting up environment[0m
   [1;36mdeploy-context: [1;37mPopulating runtime environment from dependencies[0m
   [1;36mdeploy-context: [1;37mPopulating buildtime environment from dependencies[0m
   [1;36mdeploy-context: [1;37mLayering runtime environment on top of system environment[0m
   [1;36mdeploy-context: [1;37mLayering buildtime environment on top of system environment[0m
   [1;36mdeploy-context: [1;37mSetting PATH=/hab/pkgs/jimbodragon/deploy-context/2.13.0/20231012053955/bin:/hab/pkgs/jimbodragon/deploy-context/2.13.0/20231012053955/app/binstubs:/hab/pkgs/core/git/2.33.1/20230816101621/bin:/hab/pkgs/core/scaffolding-ruby/0.8.11/20230822123619/bin:/hab/pkgs/core/bundler/2.2.33/20230822122238/bin:/hab/pkgs/core/ruby/3.0.3/20230822120944/bin:/hab/pkgs/core/tar/1.34/20220311102650/bin:/hab/pkgs/core/busybox-static/1.34.1/20220311112317/bin:/hab/pkgs/core/rq/0.10.4/20220311112035/bin:/hab/pkgs/core/gcc/9.4.0/20220311084247/bin:/hab/pkgs/core/make/4.3/20220311105244/bin:/hab/pkgs/core/pkg-config/0.29.2/20220311100618/bin:/hab/pkgs/core/curl/7.79.1/20230816065924/bin:/hab/pkgs/core/expat/2.4.6/20220311103124/bin:/hab/pkgs/core/gettext/0.21/20220311104729/bin:/hab/pkgs/core/openssh/7.9p1/20230816095218/bin:/hab/pkgs/core/openssh/7.9p1/20230816095218/sbin:/hab/pkgs/core/openssh/7.9p1/20230816095218/libexec:/hab/pkgs/core/perl/5.34.0/20220311103651/bin:/hab/pkgs/core/xz/5.2.5/20220311104623/bin:/hab/pkgs/core/bzip2/1.0.8/20220311100531/bin:/hab/pkgs/core/gdbm/1.22/20220311103026/bin:/hab/pkgs/core/db/5.3.28/20220311103217/bin:/hab/pkgs/core/less/590/20220311103557/bin:/hab/pkgs/core/openssl/1.0.2zf/20230816063107/bin:/hab/pkgs/core/openssl-fips/2.0.16/20220311110951/bin:/hab/pkgs/core/libtool/2.4.6/20220311102922/bin:/hab/pkgs/core/coreutils/8.32/20220311101609/bin:/hab/pkgs/core/sed/4.8/20220311101151/bin:/hab/pkgs/core/grep/3.7/20220311102158/bin:/hab/pkgs/core/libcap/2.60/20220311101102/bin:/hab/pkgs/core/pcre/8.45/20220311102054/bin:/hab/pkgs/core/ncurses/6.2/20220311100731/bin:/hab/pkgs/core/acl/2.3.1/20220311101006/bin:/hab/pkgs/core/attr/2.5.1/20220311100918/bin:/hab/pkgs/core/binutils/2.37/20220311083411/bin:/hab/pkgs/core/glibc/2.34/20220311081742/bin:/hab/pkgs/core/hab-plan-build/1.6.568/20220831183139/bin:/hab/pkgs/core/bash/5.1/20220311102415/bin:/hab/pkgs/core/binutils/2.37/20220311083411/bin:/hab/pkgs/core/coreutils/8.32/20220311101609/bin:/hab/pkgs/core/file/5.41/20220311083211/bin:/hab/pkgs/core/findutils/4.9.0/20220311104411/bin:/hab/pkgs/core/gawk/5.1.0/20220311102814/bin:/hab/pkgs/core/grep/3.7/20220311102158/bin:/hab/pkgs/core/gzip/1.11/20220311105137/bin:/hab/pkgs/core/hab/1.6.568/20220831181712/bin:/hab/pkgs/core/rq/0.10.4/20220311112035/bin:/hab/pkgs/core/sed/4.8/20220311101151/bin:/hab/pkgs/core/tar/1.34/20220311102650/bin:/hab/pkgs/core/unzip/6.0/20220311111952/bin:/hab/pkgs/core/wget/1.21.2/20220311111811/bin:/hab/pkgs/core/xz/5.2.5/20220311104623/bin:/hab/pkgs/core/libcap/2.60/20220311101102/bin:/hab/pkgs/core/less/590/20220311103557/bin:/hab/pkgs/core/ncurses/6.2/20220311100731/bin:/hab/pkgs/core/acl/2.3.1/20220311101006/bin:/hab/pkgs/core/attr/2.5.1/20220311100918/bin:/hab/pkgs/core/bzip2/1.0.8/20220311100531/bin:/hab/pkgs/core/libidn2/2.3.2/20220311111710/bin:/hab/pkgs/core/openssl/1.0.2zb/20220311111046/bin:/hab/pkgs/core/pcre/8.45/20220311102054/bin:/hab/pkgs/core/openssl-fips/2.0.16/20220311110951/bin:/hab/pkgs/core/glibc/2.34/20220311081742/bin:/hab/bin:/hab/pkgs/core/hab-plan-build/1.6.568/20220831183139/bin:/hab/pkgs/core/diffutils/3.8/20220311104054/bin:/hab/pkgs/core/less/590/20220311103557/bin:/hab/pkgs/core/make/4.3/20220311105244/bin:/hab/pkgs/core/mg/20180927/20220311114614/bin:/hab/pkgs/core/util-linux/2.37/20220311105626/bin:/hab/pkgs/core/vim/8.2.2825/20220311114125/bin:/hab/pkgs/core/ncurses/6.2/20220311100731/bin:/hab/pkgs/core/bash/5.1/20220311102415/bin:/hab/pkgs/core/binutils/2.37/20220311083411/bin:/hab/pkgs/core/coreutils/8.32/20220311101609/bin:/hab/pkgs/core/file/5.41/20220311083211/bin:/hab/pkgs/core/findutils/4.9.0/20220311104411/bin:/hab/pkgs/core/gawk/5.1.0/20220311102814/bin:/hab/pkgs/core/gzip/1.11/20220311105137/bin:/hab/pkgs/core/hab/1.6.568/20220831181712/bin:/hab/pkgs/core/rq/0.10.4/20220311112035/bin:/hab/pkgs/core/sed/4.8/20220311101151/bin:/hab/pkgs/core/tar/1.34/20220311102650/bin:/hab/pkgs/core/unzip/6.0/20220311111952/bin:/hab/pkgs/core/wget/1.21.2/20220311111811/bin:/hab/pkgs/core/xz/5.2.5/20220311104623/bin:/hab/pkgs/core/libcap/2.60/20220311101102/bin:/hab/pkgs/core/grep/3.7/20220311102158/bin:/hab/pkgs/core/bzip2/1.0.8/20220311100531/bin:/hab/pkgs/core/libidn2/2.3.2/20220311111710/bin:/hab/pkgs/core/openssl/1.0.2zb/20220311111046/bin:/hab/pkgs/core/openssl-fips/2.0.16/20220311110951/bin:/hab/pkgs/core/pcre/8.45/20220311102054/bin:/hab/pkgs/core/libmd/1.0.4/20220311114359/bin:/hab/pkgs/core/acl/2.3.1/20220311101006/bin:/hab/pkgs/core/attr/2.5.1/20220311100918/bin:/hab/pkgs/core/glibc/2.34/20220311081742/bin:/hab/bin[0m
created directory: '/hab/cache/src'
   [1;36mdeploy-context: [1;37mClean the cache[0m
   [1;36mdeploy-context: [1;37mSetting build environment[0m
created directory: '/hab/cache/src/deploy-context-2.13.0'
   [1;36mdeploy-context: [1;37mSetting PREFIX=/hab/pkgs/jimbodragon/deploy-context/2.13.0/20231012053955[0m
   [1;36mdeploy-context: [1;37mSetting LD_RUN_PATH=/hab/pkgs/core/ruby/3.0.3/20230822120944/lib[0m
   [1;36mdeploy-context: [1;37mSetting CFLAGS=-I/hab/pkgs/core/ruby/3.0.3/20230822120944/include -I/hab/pkgs/core/gcc/9.4.0/20220311084247/include -I/hab/pkgs/core/make/4.3/20220311105244/include -I/hab/pkgs/core/ruby/3.0.3/20230822120944/include[0m
   [1;36mdeploy-context: [1;37mSetting CXXFLAGS=-I/hab/pkgs/core/ruby/3.0.3/20230822120944/include -I/hab/pkgs/core/gcc/9.4.0/20220311084247/include -I/hab/pkgs/core/make/4.3/20220311105244/include -I/hab/pkgs/core/ruby/3.0.3/20230822120944/include[0m
   [1;36mdeploy-context: [1;37mSetting CPPFLAGS=-I/hab/pkgs/core/ruby/3.0.3/20230822120944/include -I/hab/pkgs/core/gcc/9.4.0/20220311084247/include -I/hab/pkgs/core/make/4.3/20220311105244/include -I/hab/pkgs/core/ruby/3.0.3/20230822120944/include[0m
   [1;36mdeploy-context: [1;37mSetting LDFLAGS=-L/hab/pkgs/core/git/2.33.1/20230816101621/lib -L/hab/pkgs/core/ruby/3.0.3/20230822120944/lib -L/hab/pkgs/core/gcc/9.4.0/20220311084247/lib -L/hab/pkgs/core/ruby/3.0.3/20230822120944/lib[0m
   [1;36mdeploy-context: [1;37mSetting PKG_CONFIG_PATH=/hab/pkgs/core/ruby/3.0.3/20230822120944/lib/pkgconfig:/hab/pkgs/core/ruby/3.0.3/20230822120944/lib/pkgconfig[0m
   [1;36mdeploy-context: [1;37mPreparing to build[0m
true
   [1;36mdeploy-context: [1;37mDetected build is occuring inside a git work tree.[0m
   [1;36mdeploy-context: [1;37mSetting GEM_HOME=/hab/pkgs/jimbodragon/deploy-context/2.13.0/20231012053955/app/vendor/bundle/ruby/3.0.0[0m
   [1;36mdeploy-context: [1;37mSetting GEM_PATH=/hab/pkgs/jimbodragon/deploy-context/2.13.0/20231012053955/app/vendor/bundle/ruby/3.0.0:/root/.local/share/gem/ruby/3.0.0:/hab/pkgs/core/ruby/3.0.3/20230822120944/lib/ruby/gems/3.0.0[0m
   [1;36mdeploy-context: [1;37mBuilding[0m
   [1;36mdeploy-context: [1;37mRunning post-compile tests[0m
   [1;36mdeploy-context: [1;37mInstalling[0m
created directory: '/hab/pkgs/jimbodragon/'
created directory: '/hab/pkgs/jimbodragon/deploy-context/'
created directory: '/hab/pkgs/jimbodragon/deploy-context/2.13.0/'
created directory: '/hab/pkgs/jimbodragon/deploy-context/2.13.0/20231012053955'
created directory: '/hab/pkgs/jimbodragon/deploy-context/2.13.0/20231012053955/bin'
created directory: '/hab/pkgs/jimbodragon/deploy-context/2.13.0/20231012053955/app/'
created directory: '/hab/pkgs/jimbodragon/deploy-context/2.13.0/20231012053955/app/binstubs'
rake aborted!
Running `gem build -V /src/habitat/plan.sh/deploy-context.gemspec` failed with the following output:

WARNING:  See https://guides.rubygems.org/specification-reference/ for help
ERROR:  While executing gem ... (Gem::InvalidSpecificationException)
    ["LICENSE", "README.md", "bin/deploy-context"] are not files


Tasks: TOP => release => build
(See full trace by running task with --trace)
   [1;36mdeploy-context: [1;37mBuild time: 0m40s[0m
   [1;36mdeploy-context: [1;31mExiting on error[0m

Script done on 2023-10-12 05:40:35+00:00 [COMMAND_EXIT_CODE="1"]
