Script started on 2023-10-11 17:56:02+00:00 [<not executed on terminal>]
   [1;36m: [1;37mLoading /src/habitat/plan.sh/x86_64-linux/plan.sh[0m
   [1;36mdeploy-context: [1;37mPlan loaded[0m
   [1;36mdeploy-context: [1;37mValidating plan metadata[0m
   [1;36mdeploy-context: [1;37mUsing HAB_BIN=/hab/pkgs/core/hab/1.6.568/20220831181712/bin/hab for installs, signing, and hashing[0m
   [1;36mdeploy-context: [1;37mhab-plan-build setup[0m
Executing action do_begin at version 2.13.0 in folder /src/habitat/plan.sh/x86_64-linux PLAN_CONTEXT = /src/habitat/plan.sh/x86_64-linux
/src/habitat/plan.sh/x86_64-linux/plan.sh: line 199: ruby: command not found
Ruby not avaialble yet
   [1;36mdeploy-context: [1;37mWriting pre_build file[0m
   [1;36mdeploy-context: [1;37mResolving scaffolding dependencies[0m
[0m[0m[1m[33m» Installing core/scaffolding-ruby[0m
[0m[0m[1m[32m☁ Determining[0m latest version of core/scaffolding-ruby in the 'stable' channel
[0m[0m[1m[32m☛ Verifying[0m core/scaffolding-ruby/0.8.11/20230822123619
[0m[0m[1m[32m☛ Verifying[0m core/bundler/2.2.33/20230822122238
[0m[0m[1m[32m→ Using[0m core/tar/1.34/20220311102650
[0m[0m[1m[32m→ Using[0m core/rq/0.10.4/20220311112035
[0m[0m[1m[32m☛ Verifying[0m core/gcc/9.4.0/20220311084247
[0m[0m[1m[32m→ Using[0m core/make/4.3/20220311105244
[0m[0m[1m[32m☛ Verifying[0m core/pkg-config/0.29.2/20220311100618
[0m[0m[1m[32m☛ Verifying[0m core/ruby/3.0.3/20230822120944
[0m[0m[1m[32m☛ Verifying[0m core/busybox-static/1.34.1/20220311112317
[0m[0m[1m[32m☛ Verifying[0m core/openssl/1.0.2zf/20230816063107
[0m[0m[1m[32m☛ Verifying[0m core/libyaml/0.2.5/20220312092318
[0m[0m[1m[32m☛ Verifying[0m core/libffi/3.4.2/20220311120049
[0m[0m[1m[32m→ Using[0m core/readline/8.1/20220311102318
[0m[0m[1m[32m☛ Verifying[0m core/nss-myhostname/0.3/20220311210919
[0m[0m[1m[32m→ Using[0m core/cacerts/2021.10.26/20220311110931
[0m[0m[1m[32m→ Using[0m core/openssl-fips/2.0.16/20220311110951
[0m[0m[1m[32m☛ Verifying[0m core/libtool/2.4.6/20220311102922
[0m[0m[1m[32m→ Using[0m core/coreutils/8.32/20220311101609
[0m[0m[1m[32m→ Using[0m core/sed/4.8/20220311101151
[0m[0m[1m[32m→ Using[0m core/grep/3.7/20220311102158
[0m[0m[1m[32m→ Using[0m core/libcap/2.60/20220311101102
[0m[0m[1m[32m→ Using[0m core/pcre/8.45/20220311102054
[0m[0m[1m[32m→ Using[0m core/ncurses/6.2/20220311100731
[0m[0m[1m[32m→ Using[0m core/acl/2.3.1/20220311101006
[0m[0m[1m[32m→ Using[0m core/attr/2.5.1/20220311100918
[0m[0m[1m[32m☛ Verifying[0m core/libmpc/1.2.1/20220311084147
[0m[0m[1m[32m→ Using[0m core/binutils/2.37/20220311083411
[0m[0m[1m[32m→ Using[0m core/mpfr/4.1.0/20220311084038
[0m[0m[1m[32m→ Using[0m core/gmp/6.2.1/20220311083900
[0m[0m[1m[32m→ Using[0m core/gcc-libs/9.4.0/20220311083308
[0m[0m[1m[32m→ Using[0m core/zlib/1.2.11/20220311082914
[0m[0m[1m[32m→ Using[0m core/glibc/2.34/20220311081742
[0m[0m[1m[32m→ Using[0m core/linux-headers/4.20.17/20220311081613
[0m[0m[1m[32m✓ Installed[0m core/bundler/2.2.33/20230822122238
[0m[0m[1m[32m✓ Installed[0m core/gcc/9.4.0/20220311084247
[0m[0m[1m[32m✓ Installed[0m core/pkg-config/0.29.2/20220311100618
[0m[0m[1m[32m✓ Installed[0m core/ruby/3.0.3/20230822120944
[0m[0m[1m[32m✓ Installed[0m core/busybox-static/1.34.1/20220311112317
[0m[0m[1m[32m✓ Installed[0m core/openssl/1.0.2zf/20230816063107
[0m[0m[1m[32m✓ Installed[0m core/libyaml/0.2.5/20220312092318
[0m[0m[1m[32m✓ Installed[0m core/libffi/3.4.2/20220311120049
[0m[0m[1m[32m✓ Installed[0m core/nss-myhostname/0.3/20220311210919
[0m[0m[1m[32m✓ Installed[0m core/libtool/2.4.6/20220311102922
[0m[0m[1m[32m✓ Installed[0m core/libmpc/1.2.1/20220311084147
[0m[0m[1m[32m✓ Installed[0m core/scaffolding-ruby/0.8.11/20230822123619
[0m[0m[1m[35m★ Install of core/scaffolding-ruby/0.8.11/20230822123619 complete with 12 new packages installed.[0m
   [1;36mdeploy-context: [1;37mResolved scaffolding dependency 'core/scaffolding-ruby' to /hab/pkgs/core/scaffolding-ruby/0.8.11/20230822123619[0m
   [1;36mdeploy-context: [1;37mLoading Scaffolding /hab/pkgs/core/scaffolding-ruby/0.8.11/20230822123619/lib/scaffolding.sh[0m
   [1;36mdeploy-context: [1;37mDetected Rack app type[0m
   [1;36mdeploy-context: [1;37mAdding git to build dependencies[0m
   [1;36mdeploy-context: [1;37mAdding Busybox package to run dependencies[0m
No Ruby version found in ./Gemfile.lock
   [1;36mdeploy-context: [1;37mNo Ruby version detected in Plan or Gemfile.lock, using default 'core/ruby'[0m
   [1;36mdeploy-context: [1;37mSetting pkg_svc_run='deploy-context-web'[0m
   [1;36mdeploy-context: [1;37mResolving build dependencies[0m
[0m[0m[1m[33m» Installing core/git[0m
[0m[0m[1m[32m☁ Determining[0m latest version of core/git in the 'stable' channel
[0m[0m[1m[32m☛ Verifying[0m core/git/2.33.1/20230816101621
[0m[0m[1m[32m☛ Verifying[0m core/curl/7.79.1/20230816065924
[0m[0m[1m[32m☛ Verifying[0m core/expat/2.4.6/20220311103124
[0m[0m[1m[32m☛ Verifying[0m core/gettext/0.21/20220311104729
[0m[0m[1m[32m☛ Verifying[0m core/openssh/7.9p1/20230816095218
[0m[0m[1m[32m☛ Verifying[0m core/perl/5.34.0/20220311103651
[0m[0m[1m[32m→ Using[0m core/sed/4.8/20220311101151
[0m[0m[1m[32m☛ Verifying[0m core/nghttp2/1.46.0/20220817113611
[0m[0m[1m[32m↓ Downloading[0m core-20220817080933 public origin key
    75 B / 75 B | [========================================] 100.00 % 1.43 MB/s 
[0m[0m[1m[32m☑ Cached[0m core-20220817080933 public origin key
[0m[0m[1m[32m→ Using[0m core/xz/5.2.5/20220311104623
[0m[0m[1m[32m→ Using[0m core/openssl/1.0.2zf/20230816063107
[0m[0m[1m[32m→ Using[0m core/cacerts/2021.10.26/20220311110931
[0m[0m[1m[32m→ Using[0m core/openssl-fips/2.0.16/20220311110951
[0m[0m[1m[32m→ Using[0m core/bzip2/1.0.8/20220311100531
[0m[0m[1m[32m☛ Verifying[0m core/gdbm/1.22/20220311103026
[0m[0m[1m[32m☛ Verifying[0m core/db/5.3.28/20220311103217
[0m[0m[1m[32m→ Using[0m core/coreutils/8.32/20220311101609
[0m[0m[1m[32m→ Using[0m core/less/590/20220311103557
[0m[0m[1m[32m→ Using[0m core/gmp/6.2.1/20220311083900
[0m[0m[1m[32m→ Using[0m core/libcap/2.60/20220311101102
[0m[0m[1m[32m→ Using[0m core/ncurses/6.2/20220311100731
[0m[0m[1m[32m→ Using[0m core/pcre/8.45/20220311102054
[0m[0m[1m[32m→ Using[0m core/gcc-libs/9.4.0/20220311083308
[0m[0m[1m[32m→ Using[0m core/zlib/1.2.11/20220311082914
[0m[0m[1m[32m→ Using[0m core/acl/2.3.1/20220311101006
[0m[0m[1m[32m→ Using[0m core/attr/2.5.1/20220311100918
[0m[0m[1m[32m→ Using[0m core/glibc/2.34/20220311081742
[0m[0m[1m[32m→ Using[0m core/linux-headers/4.20.17/20220311081613
[0m[0m[1m[32m✓ Installed[0m core/curl/7.79.1/20230816065924
[0m[0m[1m[32m✓ Installed[0m core/expat/2.4.6/20220311103124
[0m[0m[1m[32m✓ Installed[0m core/gettext/0.21/20220311104729
[0m[0m[1m[32m✓ Installed[0m core/openssh/7.9p1/20230816095218
[0m[0m[1m[32m✓ Installed[0m core/perl/5.34.0/20220311103651
[0m[0m[1m[32m✓ Installed[0m core/nghttp2/1.46.0/20220817113611
[0m[0m[1m[32m✓ Installed[0m core/gdbm/1.22/20220311103026
[0m[0m[1m[32m✓ Installed[0m core/db/5.3.28/20220311103217
[0m[0m[1m[32m✓ Installed[0m core/git/2.33.1/20230816101621
[0m[0m[1m[35m★ Install of core/git/2.33.1/20230816101621 complete with 9 new packages installed.[0m
   [1;36mdeploy-context: [1;37mResolved build dependency 'core/git' to /hab/pkgs/core/git/2.33.1/20230816101621[0m
[0m[0m[1m[33m» Installing core/scaffolding-ruby[0m
[0m[0m[1m[32m☁ Determining[0m latest version of core/scaffolding-ruby in the 'stable' channel
[0m[0m[1m[32m→ Using[0m core/scaffolding-ruby/0.8.11/20230822123619
[0m[0m[1m[35m★ Install of core/scaffolding-ruby/0.8.11/20230822123619 complete with 0 new packages installed.[0m
   [1;36mdeploy-context: [1;37mResolved build dependency 'core/scaffolding-ruby' to /hab/pkgs/core/scaffolding-ruby/0.8.11/20230822123619[0m
[0m[0m[1m[33m» Installing core/bundler/2.2.33/20230822122238[0m
[0m[0m[1m[32m→ Using[0m core/bundler/2.2.33/20230822122238
[0m[0m[1m[35m★ Install of core/bundler/2.2.33/20230822122238 complete with 0 new packages installed.[0m
   [1;36mdeploy-context: [1;37mResolved build dependency 'core/bundler/2.2.33/20230822122238' to /hab/pkgs/core/bundler/2.2.33/20230822122238[0m
[0m[0m[1m[33m» Installing core/ruby/3.0.3/20230822120944[0m
[0m[0m[1m[32m→ Using[0m core/ruby/3.0.3/20230822120944
[0m[0m[1m[35m★ Install of core/ruby/3.0.3/20230822120944 complete with 0 new packages installed.[0m
   [1;36mdeploy-context: [1;37mResolved build dependency 'core/ruby/3.0.3/20230822120944' to /hab/pkgs/core/ruby/3.0.3/20230822120944[0m
[0m[0m[1m[33m» Installing core/tar/1.34/20220311102650[0m
[0m[0m[1m[32m→ Using[0m core/tar/1.34/20220311102650
[0m[0m[1m[35m★ Install of core/tar/1.34/20220311102650 complete with 0 new packages installed.[0m
   [1;36mdeploy-context: [1;37mResolved build dependency 'core/tar/1.34/20220311102650' to /hab/pkgs/core/tar/1.34/20220311102650[0m
[0m[0m[1m[33m» Installing core/busybox-static/1.34.1/20220311112317[0m
[0m[0m[1m[32m→ Using[0m core/busybox-static/1.34.1/20220311112317
[0m[0m[1m[35m★ Install of core/busybox-static/1.34.1/20220311112317 complete with 0 new packages installed.[0m
   [1;36mdeploy-context: [1;37mResolved build dependency 'core/busybox-static/1.34.1/20220311112317' to /hab/pkgs/core/busybox-static/1.34.1/20220311112317[0m
[0m[0m[1m[33m» Installing core/rq/0.10.4/20220311112035[0m
[0m[0m[1m[32m→ Using[0m core/rq/0.10.4/20220311112035
[0m[0m[1m[35m★ Install of core/rq/0.10.4/20220311112035 complete with 0 new packages installed.[0m
   [1;36mdeploy-context: [1;37mResolved build dependency 'core/rq/0.10.4/20220311112035' to /hab/pkgs/core/rq/0.10.4/20220311112035[0m
[0m[0m[1m[33m» Installing core/gcc/9.4.0/20220311084247[0m
[0m[0m[1m[32m→ Using[0m core/gcc/9.4.0/20220311084247
[0m[0m[1m[35m★ Install of core/gcc/9.4.0/20220311084247 complete with 0 new packages installed.[0m
   [1;36mdeploy-context: [1;37mResolved build dependency 'core/gcc/9.4.0/20220311084247' to /hab/pkgs/core/gcc/9.4.0/20220311084247[0m
[0m[0m[1m[33m» Installing core/make/4.3/20220311105244[0m
[0m[0m[1m[32m→ Using[0m core/make/4.3/20220311105244
[0m[0m[1m[35m★ Install of core/make/4.3/20220311105244 complete with 0 new packages installed.[0m
   [1;36mdeploy-context: [1;37mResolved build dependency 'core/make/4.3/20220311105244' to /hab/pkgs/core/make/4.3/20220311105244[0m
[0m[0m[1m[33m» Installing core/pkg-config/0.29.2/20220311100618[0m
[0m[0m[1m[32m→ Using[0m core/pkg-config/0.29.2/20220311100618
[0m[0m[1m[35m★ Install of core/pkg-config/0.29.2/20220311100618 complete with 0 new packages installed.[0m
   [1;36mdeploy-context: [1;37mResolved build dependency 'core/pkg-config/0.29.2/20220311100618' to /hab/pkgs/core/pkg-config/0.29.2/20220311100618[0m
   [1;36mdeploy-context: [1;37mResolving run dependencies[0m
[0m[0m[1m[33m» Installing core/ruby[0m
[0m[0m[1m[32m☁ Determining[0m latest version of core/ruby in the 'stable' channel
[0m[0m[1m[32m→ Using[0m core/ruby/3.0.3/20230822120944
[0m[0m[1m[35m★ Install of core/ruby/3.0.3/20230822120944 complete with 0 new packages installed.[0m
   [1;36mdeploy-context: [1;37mResolved dependency 'core/ruby' to /hab/pkgs/core/ruby/3.0.3/20230822120944[0m
[0m[0m[1m[33m» Installing core/busybox-static[0m
[0m[0m[1m[32m☁ Determining[0m latest version of core/busybox-static in the 'stable' channel
[0m[0m[1m[32m→ Using[0m core/busybox-static/1.34.1/20220311112317
[0m[0m[1m[35m★ Install of core/busybox-static/1.34.1/20220311112317 complete with 0 new packages installed.[0m
   [1;36mdeploy-context: [1;37mResolved dependency 'core/busybox-static' to /hab/pkgs/core/busybox-static/1.34.1/20220311112317[0m
[0m[0m[1m[33m» Installing chef/chef-infra-client[0m
[0m[0m[1m[32m☁ Determining[0m latest version of chef/chef-infra-client in the 'stable' channel
[0m[0m[1m[32m☛ Verifying[0m chef/chef-infra-client/18.3.0/20230830115804
[0m[0m[1m[32m↓ Downloading[0m chef-20160614114050 public origin key
    75 B / 75 B | [========================================] 100.00 % 1.27 MB/s 
[0m[0m[1m[32m☑ Cached[0m chef-20160614114050 public origin key
[0m[0m[1m[32m☛ Verifying[0m core/ruby31/3.1.2/20230818191654
[0m[0m[1m[32m☛ Verifying[0m core/libxslt/1.1.34/20220312081836
[0m[0m[1m[32m→ Using[0m core/libiconv/1.16/20220311111355
[0m[0m[1m[32m☛ Verifying[0m core/libarchive/3.5.2/20230816095445
[0m[0m[1m[32m→ Using[0m core/libyaml/0.2.5/20220312092318
[0m[0m[1m[32m→ Using[0m core/libffi/3.4.2/20220311120049
[0m[0m[1m[32m→ Using[0m core/readline/8.1/20220311102318
[0m[0m[1m[32m→ Using[0m core/nss-myhostname/0.3/20220311210919
[0m[0m[1m[32m→ Using[0m core/ncurses/6.2/20220311100731
[0m[0m[1m[32m☛ Verifying[0m core/libxml2/2.9.12/20220311133931
[0m[0m[1m[32m→ Using[0m core/libtool/2.4.6/20220311102922
[0m[0m[1m[32m→ Using[0m core/coreutils/8.32/20220311101609
[0m[0m[1m[32m→ Using[0m core/sed/4.8/20220311101151
[0m[0m[1m[32m→ Using[0m core/grep/3.7/20220311102158
[0m[0m[1m[32m→ Using[0m core/binutils/2.37/20220311083411
[0m[0m[1m[32m→ Using[0m core/pcre/8.45/20220311102054
[0m[0m[1m[32m→ Using[0m core/gcc-libs/9.4.0/20220311083308
[0m[0m[1m[32m→ Using[0m core/acl/2.3.1/20220311101006
[0m[0m[1m[32m→ Using[0m core/gmp/6.2.1/20220311083900
[0m[0m[1m[32m→ Using[0m core/libcap/2.60/20220311101102
[0m[0m[1m[32m→ Using[0m core/attr/2.5.1/20220311100918
[0m[0m[1m[32m→ Using[0m core/openssl/1.0.2zf/20230816063107
[0m[0m[1m[32m→ Using[0m core/zlib/1.2.11/20220311082914
[0m[0m[1m[32m→ Using[0m core/bzip2/1.0.8/20220311100531
[0m[0m[1m[32m→ Using[0m core/xz/5.2.5/20220311104623
[0m[0m[1m[32m→ Using[0m core/cacerts/2021.10.26/20220311110931
[0m[0m[1m[32m→ Using[0m core/openssl-fips/2.0.16/20220311110951
[0m[0m[1m[32m→ Using[0m core/glibc/2.34/20220311081742
[0m[0m[1m[32m→ Using[0m core/linux-headers/4.20.17/20220311081613
[0m[0m[1m[32m✓ Installed[0m core/ruby31/3.1.2/20230818191654
[0m[0m[1m[32m✓ Installed[0m core/libxslt/1.1.34/20220312081836
[0m[0m[1m[32m✓ Installed[0m core/libarchive/3.5.2/20230816095445
[0m[0m[1m[32m✓ Installed[0m core/libxml2/2.9.12/20220311133931
[0m[0m[1m[32m✓ Installed[0m chef/chef-infra-client/18.3.0/20230830115804
[0m[0m[1m[35m★ Install of chef/chef-infra-client/18.3.0/20230830115804 complete with 5 new packages installed.[0m
   [1;36mdeploy-context: [1;37mResolved dependency 'chef/chef-infra-client' to /hab/pkgs/chef/chef-infra-client/18.3.0/20230830115804[0m
   [1;36mdeploy-context: [1;37mSetting up environment[0m
   [1;36mdeploy-context: [1;37mPopulating runtime environment from dependencies[0m
   [1;36mdeploy-context: [1;37mPopulating buildtime environment from dependencies[0m
   [1;36mdeploy-context: [1;37mLayering runtime environment on top of system environment[0m
   [1;36mdeploy-context: [1;37mLayering buildtime environment on top of system environment[0m
   [1;36mdeploy-context: [1;37mSetting PATH=/hab/pkgs/jimbodragon/deploy-context/2.13.0/20231011175602/bin:/hab/pkgs/jimbodragon/deploy-context/2.13.0/20231011175602/app/binstubs:/hab/pkgs/core/git/2.33.1/20230816101621/bin:/hab/pkgs/core/scaffolding-ruby/0.8.11/20230822123619/bin:/hab/pkgs/core/bundler/2.2.33/20230822122238/bin:/hab/pkgs/core/ruby/3.0.3/20230822120944/bin:/hab/pkgs/core/tar/1.34/20220311102650/bin:/hab/pkgs/core/busybox-static/1.34.1/20220311112317/bin:/hab/pkgs/core/rq/0.10.4/20220311112035/bin:/hab/pkgs/core/gcc/9.4.0/20220311084247/bin:/hab/pkgs/core/make/4.3/20220311105244/bin:/hab/pkgs/core/pkg-config/0.29.2/20220311100618/bin:/hab/pkgs/chef/chef-infra-client/18.3.0/20230830115804/bin:/hab/pkgs/chef/chef-infra-client/18.3.0/20230830115804/vendor/bin:/hab/pkgs/core/curl/7.79.1/20230816065924/bin:/hab/pkgs/core/expat/2.4.6/20220311103124/bin:/hab/pkgs/core/gettext/0.21/20220311104729/bin:/hab/pkgs/core/openssh/7.9p1/20230816095218/bin:/hab/pkgs/core/openssh/7.9p1/20230816095218/sbin:/hab/pkgs/core/openssh/7.9p1/20230816095218/libexec:/hab/pkgs/core/perl/5.34.0/20220311103651/bin:/hab/pkgs/core/xz/5.2.5/20220311104623/bin:/hab/pkgs/core/bzip2/1.0.8/20220311100531/bin:/hab/pkgs/core/gdbm/1.22/20220311103026/bin:/hab/pkgs/core/db/5.3.28/20220311103217/bin:/hab/pkgs/core/less/590/20220311103557/bin:/hab/pkgs/core/openssl/1.0.2zf/20230816063107/bin:/hab/pkgs/core/openssl-fips/2.0.16/20220311110951/bin:/hab/pkgs/core/libtool/2.4.6/20220311102922/bin:/hab/pkgs/core/coreutils/8.32/20220311101609/bin:/hab/pkgs/core/sed/4.8/20220311101151/bin:/hab/pkgs/core/grep/3.7/20220311102158/bin:/hab/pkgs/core/libcap/2.60/20220311101102/bin:/hab/pkgs/core/pcre/8.45/20220311102054/bin:/hab/pkgs/core/ncurses/6.2/20220311100731/bin:/hab/pkgs/core/acl/2.3.1/20220311101006/bin:/hab/pkgs/core/attr/2.5.1/20220311100918/bin:/hab/pkgs/core/binutils/2.37/20220311083411/bin:/hab/pkgs/core/glibc/2.34/20220311081742/bin:/hab/pkgs/core/ruby31/3.1.2/20230818191654/bin:/hab/pkgs/core/libxslt/1.1.34/20220312081836/bin:/hab/pkgs/core/libxml2/2.9.12/20220311133931/bin:/hab/pkgs/core/hab-plan-build/1.6.568/20220831183139/bin:/hab/pkgs/core/bash/5.1/20220311102415/bin:/hab/pkgs/core/binutils/2.37/20220311083411/bin:/hab/pkgs/core/coreutils/8.32/20220311101609/bin:/hab/pkgs/core/file/5.41/20220311083211/bin:/hab/pkgs/core/findutils/4.9.0/20220311104411/bin:/hab/pkgs/core/gawk/5.1.0/20220311102814/bin:/hab/pkgs/core/grep/3.7/20220311102158/bin:/hab/pkgs/core/gzip/1.11/20220311105137/bin:/hab/pkgs/core/hab/1.6.568/20220831181712/bin:/hab/pkgs/core/rq/0.10.4/20220311112035/bin:/hab/pkgs/core/sed/4.8/20220311101151/bin:/hab/pkgs/core/tar/1.34/20220311102650/bin:/hab/pkgs/core/unzip/6.0/20220311111952/bin:/hab/pkgs/core/wget/1.21.2/20220311111811/bin:/hab/pkgs/core/xz/5.2.5/20220311104623/bin:/hab/pkgs/core/libcap/2.60/20220311101102/bin:/hab/pkgs/core/less/590/20220311103557/bin:/hab/pkgs/core/ncurses/6.2/20220311100731/bin:/hab/pkgs/core/acl/2.3.1/20220311101006/bin:/hab/pkgs/core/attr/2.5.1/20220311100918/bin:/hab/pkgs/core/bzip2/1.0.8/20220311100531/bin:/hab/pkgs/core/libidn2/2.3.2/20220311111710/bin:/hab/pkgs/core/openssl/1.0.2zb/20220311111046/bin:/hab/pkgs/core/pcre/8.45/20220311102054/bin:/hab/pkgs/core/openssl-fips/2.0.16/20220311110951/bin:/hab/pkgs/core/glibc/2.34/20220311081742/bin:/hab/bin:/hab/pkgs/core/hab-plan-build/1.6.568/20220831183139/bin:/hab/pkgs/core/diffutils/3.8/20220311104054/bin:/hab/pkgs/core/less/590/20220311103557/bin:/hab/pkgs/core/make/4.3/20220311105244/bin:/hab/pkgs/core/mg/20180927/20220311114614/bin:/hab/pkgs/core/util-linux/2.37/20220311105626/bin:/hab/pkgs/core/vim/8.2.2825/20220311114125/bin:/hab/pkgs/core/ncurses/6.2/20220311100731/bin:/hab/pkgs/core/bash/5.1/20220311102415/bin:/hab/pkgs/core/binutils/2.37/20220311083411/bin:/hab/pkgs/core/coreutils/8.32/20220311101609/bin:/hab/pkgs/core/file/5.41/20220311083211/bin:/hab/pkgs/core/findutils/4.9.0/20220311104411/bin:/hab/pkgs/core/gawk/5.1.0/20220311102814/bin:/hab/pkgs/core/gzip/1.11/20220311105137/bin:/hab/pkgs/core/hab/1.6.568/20220831181712/bin:/hab/pkgs/core/rq/0.10.4/20220311112035/bin:/hab/pkgs/core/sed/4.8/20220311101151/bin:/hab/pkgs/core/tar/1.34/20220311102650/bin:/hab/pkgs/core/unzip/6.0/20220311111952/bin:/hab/pkgs/core/wget/1.21.2/20220311111811/bin:/hab/pkgs/core/xz/5.2.5/20220311104623/bin:/hab/pkgs/core/libcap/2.60/20220311101102/bin:/hab/pkgs/core/grep/3.7/20220311102158/bin:/hab/pkgs/core/bzip2/1.0.8/20220311100531/bin:/hab/pkgs/core/libidn2/2.3.2/20220311111710/bin:/hab/pkgs/core/openssl/1.0.2zb/20220311111046/bin:/hab/pkgs/core/openssl-fips/2.0.16/20220311110951/bin:/hab/pkgs/core/pcre/8.45/20220311102054/bin:/hab/pkgs/core/libmd/1.0.4/20220311114359/bin:/hab/pkgs/core/acl/2.3.1/20220311101006/bin:/hab/pkgs/core/attr/2.5.1/20220311100918/bin:/hab/pkgs/core/glibc/2.34/20220311081742/bin:/hab/bin[0m
created directory: '/hab/cache/src'
Executing action do_download at version 2.13.0 in folder /src/habitat/plan.sh/x86_64-linux PLAN_CONTEXT = /src/habitat/plan.sh/x86_64-linux
Ignoring byebug-11.1.3 because its extensions are not built. Try: gem pristine byebug --version 11.1.3
Ignoring date-3.3.3 because its extensions are not built. Try: gem pristine date --version 3.3.3
Ignoring debug_inspector-1.1.0 because its extensions are not built. Try: gem pristine debug_inspector --version 1.1.0
Ignoring ed25519-1.3.0 because its extensions are not built. Try: gem pristine ed25519 --version 1.3.0
Ignoring ffi-1.15.5 because its extensions are not built. Try: gem pristine ffi --version 1.15.5
Ignoring ffi-yajl-2.6.0 because its extensions are not built. Try: gem pristine ffi-yajl --version 2.6.0
Ignoring json-2.6.3 because its extensions are not built. Try: gem pristine json --version 2.6.3
Ignoring libyajl2-2.1.0 because its extensions are not built. Try: gem pristine libyajl2 --version 2.1.0
Ignoring ruby-shadow-2.5.0 because its extensions are not built. Try: gem pristine ruby-shadow --version 2.5.0
Ignoring unf_ext-0.0.8.2 because its extensions are not built. Try: gem pristine unf_ext --version 0.0.8.2
<internal:/hab/pkgs/core/ruby/3.0.3/20230822120944/lib/ruby/3.0.0/rubygems/core_ext/kernel_require.rb>:85:in `require': [1mcannot load such file -- chef/knife ([1;4mLoadError[m[1m)[m
	from <internal:/hab/pkgs/core/ruby/3.0.3/20230822120944/lib/ruby/3.0.0/rubygems/core_ext/kernel_require.rb>:85:in `require'
	from /src/libraries/deploy-context/knife/default_knife_context.rb:1:in `<top (required)>'
	from /src/libraries/deploy-context/default-studio.rb:23:in `require_relative'
	from /src/libraries/deploy-context/default-studio.rb:23:in `<top (required)>'
	from /src/libraries/deploy-context/ruby-studio.rb:1:in `require_relative'
	from /src/libraries/deploy-context/ruby-studio.rb:1:in `<top (required)>'
	from /src/libraries/deploy-context/cookbook-studio.rb:1:in `require_relative'
	from /src/libraries/deploy-context/cookbook-studio.rb:1:in `<top (required)>'
	from /src/libraries/deploy-context/habitat-studio.rb:1:in `require_relative'
	from /src/libraries/deploy-context/habitat-studio.rb:1:in `<top (required)>'
	from /src/libraries/deploy-context/cucumber-studio.rb:1:in `require_relative'
	from /src/libraries/deploy-context/cucumber-studio.rb:1:in `<top (required)>'
	from /src/libraries/context-manager.rb:2:in `require_relative'
	from /src/libraries/context-manager.rb:2:in `<top (required)>'
	from /src/libraries/context-knife-context.rb:2:in `require_relative'
	from /src/libraries/context-knife-context.rb:2:in `<top (required)>'
	from /src/libraries/deploy-context.rb:2:in `require_relative'
	from /src/libraries/deploy-context.rb:2:in `<top (required)>'
	from /src/habitat/plan.sh/plan.rb:1:in `require_relative'
	from /src/habitat/plan.sh/plan.rb:1:in `<top (required)>'
	from plan.rb:3:in `require_relative'
	from plan.rb:3:in `<main>'
Ruby not avaialble yet
Executing action do_verify at version 2.13.0 in folder /src/habitat/plan.sh/x86_64-linux PLAN_CONTEXT = /src/habitat/plan.sh/x86_64-linux
Ignoring byebug-11.1.3 because its extensions are not built. Try: gem pristine byebug --version 11.1.3
Ignoring date-3.3.3 because its extensions are not built. Try: gem pristine date --version 3.3.3
Ignoring debug_inspector-1.1.0 because its extensions are not built. Try: gem pristine debug_inspector --version 1.1.0
Ignoring ed25519-1.3.0 because its extensions are not built. Try: gem pristine ed25519 --version 1.3.0
Ignoring ffi-1.15.5 because its extensions are not built. Try: gem pristine ffi --version 1.15.5
Ignoring ffi-yajl-2.6.0 because its extensions are not built. Try: gem pristine ffi-yajl --version 2.6.0
Ignoring json-2.6.3 because its extensions are not built. Try: gem pristine json --version 2.6.3
Ignoring libyajl2-2.1.0 because its extensions are not built. Try: gem pristine libyajl2 --version 2.1.0
Ignoring ruby-shadow-2.5.0 because its extensions are not built. Try: gem pristine ruby-shadow --version 2.5.0
Ignoring unf_ext-0.0.8.2 because its extensions are not built. Try: gem pristine unf_ext --version 0.0.8.2
<internal:/hab/pkgs/core/ruby/3.0.3/20230822120944/lib/ruby/3.0.0/rubygems/core_ext/kernel_require.rb>:85:in `require': [1mcannot load such file -- chef/knife ([1;4mLoadError[m[1m)[m
	from <internal:/hab/pkgs/core/ruby/3.0.3/20230822120944/lib/ruby/3.0.0/rubygems/core_ext/kernel_require.rb>:85:in `require'
	from /src/libraries/deploy-context/knife/default_knife_context.rb:1:in `<top (required)>'
	from /src/libraries/deploy-context/default-studio.rb:23:in `require_relative'
	from /src/libraries/deploy-context/default-studio.rb:23:in `<top (required)>'
	from /src/libraries/deploy-context/ruby-studio.rb:1:in `require_relative'
	from /src/libraries/deploy-context/ruby-studio.rb:1:in `<top (required)>'
	from /src/libraries/deploy-context/cookbook-studio.rb:1:in `require_relative'
	from /src/libraries/deploy-context/cookbook-studio.rb:1:in `<top (required)>'
	from /src/libraries/deploy-context/habitat-studio.rb:1:in `require_relative'
	from /src/libraries/deploy-context/habitat-studio.rb:1:in `<top (required)>'
	from /src/libraries/deploy-context/cucumber-studio.rb:1:in `require_relative'
	from /src/libraries/deploy-context/cucumber-studio.rb:1:in `<top (required)>'
	from /src/libraries/context-manager.rb:2:in `require_relative'
	from /src/libraries/context-manager.rb:2:in `<top (required)>'
	from /src/libraries/context-knife-context.rb:2:in `require_relative'
	from /src/libraries/context-knife-context.rb:2:in `<top (required)>'
	from /src/libraries/deploy-context.rb:2:in `require_relative'
	from /src/libraries/deploy-context.rb:2:in `<top (required)>'
	from /src/habitat/plan.sh/plan.rb:1:in `require_relative'
	from /src/habitat/plan.sh/plan.rb:1:in `<top (required)>'
	from plan.rb:3:in `require_relative'
	from plan.rb:3:in `<main>'
Ruby not avaialble yet
Executing action do_clean at version 2.13.0 in folder /src/habitat/plan.sh/x86_64-linux PLAN_CONTEXT = /src/habitat/plan.sh/x86_64-linux
Ignoring byebug-11.1.3 because its extensions are not built. Try: gem pristine byebug --version 11.1.3
Ignoring date-3.3.3 because its extensions are not built. Try: gem pristine date --version 3.3.3
Ignoring debug_inspector-1.1.0 because its extensions are not built. Try: gem pristine debug_inspector --version 1.1.0
Ignoring ed25519-1.3.0 because its extensions are not built. Try: gem pristine ed25519 --version 1.3.0
Ignoring ffi-1.15.5 because its extensions are not built. Try: gem pristine ffi --version 1.15.5
Ignoring ffi-yajl-2.6.0 because its extensions are not built. Try: gem pristine ffi-yajl --version 2.6.0
Ignoring json-2.6.3 because its extensions are not built. Try: gem pristine json --version 2.6.3
Ignoring libyajl2-2.1.0 because its extensions are not built. Try: gem pristine libyajl2 --version 2.1.0
Ignoring ruby-shadow-2.5.0 because its extensions are not built. Try: gem pristine ruby-shadow --version 2.5.0
Ignoring unf_ext-0.0.8.2 because its extensions are not built. Try: gem pristine unf_ext --version 0.0.8.2
<internal:/hab/pkgs/core/ruby/3.0.3/20230822120944/lib/ruby/3.0.0/rubygems/core_ext/kernel_require.rb>:85:in `require': [1mcannot load such file -- chef/knife ([1;4mLoadError[m[1m)[m
	from <internal:/hab/pkgs/core/ruby/3.0.3/20230822120944/lib/ruby/3.0.0/rubygems/core_ext/kernel_require.rb>:85:in `require'
	from /src/libraries/deploy-context/knife/default_knife_context.rb:1:in `<top (required)>'
	from /src/libraries/deploy-context/default-studio.rb:23:in `require_relative'
	from /src/libraries/deploy-context/default-studio.rb:23:in `<top (required)>'
	from /src/libraries/deploy-context/ruby-studio.rb:1:in `require_relative'
	from /src/libraries/deploy-context/ruby-studio.rb:1:in `<top (required)>'
	from /src/libraries/deploy-context/cookbook-studio.rb:1:in `require_relative'
	from /src/libraries/deploy-context/cookbook-studio.rb:1:in `<top (required)>'
	from /src/libraries/deploy-context/habitat-studio.rb:1:in `require_relative'
	from /src/libraries/deploy-context/habitat-studio.rb:1:in `<top (required)>'
	from /src/libraries/deploy-context/cucumber-studio.rb:1:in `require_relative'
	from /src/libraries/deploy-context/cucumber-studio.rb:1:in `<top (required)>'
	from /src/libraries/context-manager.rb:2:in `require_relative'
	from /src/libraries/context-manager.rb:2:in `<top (required)>'
	from /src/libraries/context-knife-context.rb:2:in `require_relative'
	from /src/libraries/context-knife-context.rb:2:in `<top (required)>'
	from /src/libraries/deploy-context.rb:2:in `require_relative'
	from /src/libraries/deploy-context.rb:2:in `<top (required)>'
	from /src/habitat/plan.sh/plan.rb:1:in `require_relative'
	from /src/habitat/plan.sh/plan.rb:1:in `<top (required)>'
	from plan.rb:3:in `require_relative'
	from plan.rb:3:in `<main>'
Ruby not avaialble yet
Executing action do_unpack at version 2.13.0 in folder /src/habitat/plan.sh/x86_64-linux PLAN_CONTEXT = /src/habitat/plan.sh/x86_64-linux
Ignoring byebug-11.1.3 because its extensions are not built. Try: gem pristine byebug --version 11.1.3
Ignoring date-3.3.3 because its extensions are not built. Try: gem pristine date --version 3.3.3
Ignoring debug_inspector-1.1.0 because its extensions are not built. Try: gem pristine debug_inspector --version 1.1.0
Ignoring ed25519-1.3.0 because its extensions are not built. Try: gem pristine ed25519 --version 1.3.0
Ignoring ffi-1.15.5 because its extensions are not built. Try: gem pristine ffi --version 1.15.5
Ignoring ffi-yajl-2.6.0 because its extensions are not built. Try: gem pristine ffi-yajl --version 2.6.0
Ignoring json-2.6.3 because its extensions are not built. Try: gem pristine json --version 2.6.3
Ignoring libyajl2-2.1.0 because its extensions are not built. Try: gem pristine libyajl2 --version 2.1.0
Ignoring ruby-shadow-2.5.0 because its extensions are not built. Try: gem pristine ruby-shadow --version 2.5.0
Ignoring unf_ext-0.0.8.2 because its extensions are not built. Try: gem pristine unf_ext --version 0.0.8.2
<internal:/hab/pkgs/core/ruby/3.0.3/20230822120944/lib/ruby/3.0.0/rubygems/core_ext/kernel_require.rb>:85:in `require': [1mcannot load such file -- chef/knife ([1;4mLoadError[m[1m)[m
	from <internal:/hab/pkgs/core/ruby/3.0.3/20230822120944/lib/ruby/3.0.0/rubygems/core_ext/kernel_require.rb>:85:in `require'
	from /src/libraries/deploy-context/knife/default_knife_context.rb:1:in `<top (required)>'
	from /src/libraries/deploy-context/default-studio.rb:23:in `require_relative'
	from /src/libraries/deploy-context/default-studio.rb:23:in `<top (required)>'
	from /src/libraries/deploy-context/ruby-studio.rb:1:in `require_relative'
	from /src/libraries/deploy-context/ruby-studio.rb:1:in `<top (required)>'
	from /src/libraries/deploy-context/cookbook-studio.rb:1:in `require_relative'
	from /src/libraries/deploy-context/cookbook-studio.rb:1:in `<top (required)>'
	from /src/libraries/deploy-context/habitat-studio.rb:1:in `require_relative'
	from /src/libraries/deploy-context/habitat-studio.rb:1:in `<top (required)>'
	from /src/libraries/deploy-context/cucumber-studio.rb:1:in `require_relative'
	from /src/libraries/deploy-context/cucumber-studio.rb:1:in `<top (required)>'
	from /src/libraries/context-manager.rb:2:in `require_relative'
	from /src/libraries/context-manager.rb:2:in `<top (required)>'
	from /src/libraries/context-knife-context.rb:2:in `require_relative'
	from /src/libraries/context-knife-context.rb:2:in `<top (required)>'
	from /src/libraries/deploy-context.rb:2:in `require_relative'
	from /src/libraries/deploy-context.rb:2:in `<top (required)>'
	from /src/habitat/plan.sh/plan.rb:1:in `require_relative'
	from /src/habitat/plan.sh/plan.rb:1:in `<top (required)>'
	from plan.rb:3:in `require_relative'
	from plan.rb:3:in `<main>'
Ruby not avaialble yet
   [1;36mdeploy-context: [1;37mSetting build environment[0m
created directory: '/hab/cache/src/deploy-context-2.13.0'
   [1;36mdeploy-context: [1;37mSetting PREFIX=/hab/pkgs/jimbodragon/deploy-context/2.13.0/20231011175602[0m
   [1;36mdeploy-context: [1;37mSetting LD_RUN_PATH=/hab/pkgs/core/ruby/3.0.3/20230822120944/lib[0m
   [1;36mdeploy-context: [1;37mSetting CFLAGS=-I/hab/pkgs/core/ruby/3.0.3/20230822120944/include -I/hab/pkgs/core/gcc/9.4.0/20220311084247/include -I/hab/pkgs/core/make/4.3/20220311105244/include -I/hab/pkgs/core/ruby/3.0.3/20230822120944/include[0m
   [1;36mdeploy-context: [1;37mSetting CXXFLAGS=-I/hab/pkgs/core/ruby/3.0.3/20230822120944/include -I/hab/pkgs/core/gcc/9.4.0/20220311084247/include -I/hab/pkgs/core/make/4.3/20220311105244/include -I/hab/pkgs/core/ruby/3.0.3/20230822120944/include[0m
   [1;36mdeploy-context: [1;37mSetting CPPFLAGS=-I/hab/pkgs/core/ruby/3.0.3/20230822120944/include -I/hab/pkgs/core/gcc/9.4.0/20220311084247/include -I/hab/pkgs/core/make/4.3/20220311105244/include -I/hab/pkgs/core/ruby/3.0.3/20230822120944/include[0m
   [1;36mdeploy-context: [1;37mSetting LDFLAGS=-L/hab/pkgs/core/git/2.33.1/20230816101621/lib -L/hab/pkgs/core/ruby/3.0.3/20230822120944/lib -L/hab/pkgs/core/gcc/9.4.0/20220311084247/lib -L/hab/pkgs/core/ruby/3.0.3/20230822120944/lib[0m
   [1;36mdeploy-context: [1;37mSetting PKG_CONFIG_PATH=/hab/pkgs/core/ruby/3.0.3/20230822120944/lib/pkgconfig:/hab/pkgs/core/ruby/3.0.3/20230822120944/lib/pkgconfig[0m
   [1;36mdeploy-context: [1;37mPreparing to build[0m
true
   [1;36mdeploy-context: [1;37mDetected build is occuring inside a git work tree.[0m
Ignoring byebug-11.1.3 because its extensions are not built. Try: gem pristine byebug --version 11.1.3
Ignoring date-3.3.3 because its extensions are not built. Try: gem pristine date --version 3.3.3
Ignoring debug_inspector-1.1.0 because its extensions are not built. Try: gem pristine debug_inspector --version 1.1.0
Ignoring ed25519-1.3.0 because its extensions are not built. Try: gem pristine ed25519 --version 1.3.0
Ignoring ffi-1.15.5 because its extensions are not built. Try: gem pristine ffi --version 1.15.5
Ignoring ffi-yajl-2.6.0 because its extensions are not built. Try: gem pristine ffi-yajl --version 2.6.0
Ignoring json-2.6.3 because its extensions are not built. Try: gem pristine json --version 2.6.3
Ignoring libyajl2-2.1.0 because its extensions are not built. Try: gem pristine libyajl2 --version 2.1.0
Ignoring ruby-shadow-2.5.0 because its extensions are not built. Try: gem pristine ruby-shadow --version 2.5.0
Ignoring unf_ext-0.0.8.2 because its extensions are not built. Try: gem pristine unf_ext --version 0.0.8.2
   [1;36mdeploy-context: [1;37mSetting GEM_HOME=/hab/pkgs/jimbodragon/deploy-context/2.13.0/20231011175602/app/vendor/bundle/ruby/3.0.0[0m
   [1;36mdeploy-context: [1;37mSetting GEM_PATH=/hab/pkgs/jimbodragon/deploy-context/2.13.0/20231011175602/app/vendor/bundle/ruby/3.0.0:/hab/pkgs/chef/chef-infra-client/18.3.0/20230830115804/vendor:/hab/pkgs/core/ruby/3.0.3/20230822120944/lib/ruby/gems/3.0.0[0m
Executing action do_prepare at version 2.13.0 in folder /src/habitat/plan.sh PLAN_CONTEXT = /src/habitat/plan.sh/x86_64-linux
Ignoring byebug-11.1.3 because its extensions are not built. Try: gem pristine byebug --version 11.1.3
Ignoring date-3.3.3 because its extensions are not built. Try: gem pristine date --version 3.3.3
Ignoring debug_inspector-1.1.0 because its extensions are not built. Try: gem pristine debug_inspector --version 1.1.0
Ignoring ed25519-1.3.0 because its extensions are not built. Try: gem pristine ed25519 --version 1.3.0
Ignoring ffi-1.15.5 because its extensions are not built. Try: gem pristine ffi --version 1.15.5
Ignoring ffi-yajl-2.6.0 because its extensions are not built. Try: gem pristine ffi-yajl --version 2.6.0
Ignoring json-2.6.3 because its extensions are not built. Try: gem pristine json --version 2.6.3
Ignoring libyajl2-2.1.0 because its extensions are not built. Try: gem pristine libyajl2 --version 2.1.0
Ignoring ruby-shadow-2.5.0 because its extensions are not built. Try: gem pristine ruby-shadow --version 2.5.0
Ignoring unf_ext-0.0.8.2 because its extensions are not built. Try: gem pristine unf_ext --version 0.0.8.2
<internal:/hab/pkgs/core/ruby/3.0.3/20230822120944/lib/ruby/3.0.0/rubygems/core_ext/kernel_require.rb>:85:in `require': [1mcannot load such file -- chef/knife ([1;4mLoadError[m[1m)[m
	from <internal:/hab/pkgs/core/ruby/3.0.3/20230822120944/lib/ruby/3.0.0/rubygems/core_ext/kernel_require.rb>:85:in `require'
	from /src/libraries/deploy-context/knife/default_knife_context.rb:1:in `<top (required)>'
	from /src/libraries/deploy-context/default-studio.rb:23:in `require_relative'
	from /src/libraries/deploy-context/default-studio.rb:23:in `<top (required)>'
	from /src/libraries/deploy-context/ruby-studio.rb:1:in `require_relative'
	from /src/libraries/deploy-context/ruby-studio.rb:1:in `<top (required)>'
	from /src/libraries/deploy-context/cookbook-studio.rb:1:in `require_relative'
	from /src/libraries/deploy-context/cookbook-studio.rb:1:in `<top (required)>'
	from /src/libraries/deploy-context/habitat-studio.rb:1:in `require_relative'
	from /src/libraries/deploy-context/habitat-studio.rb:1:in `<top (required)>'
	from /src/libraries/deploy-context/cucumber-studio.rb:1:in `require_relative'
	from /src/libraries/deploy-context/cucumber-studio.rb:1:in `<top (required)>'
	from /src/libraries/context-manager.rb:2:in `require_relative'
	from /src/libraries/context-manager.rb:2:in `<top (required)>'
	from /src/libraries/context-knife-context.rb:2:in `require_relative'
	from /src/libraries/context-knife-context.rb:2:in `<top (required)>'
	from /src/libraries/deploy-context.rb:2:in `require_relative'
	from /src/libraries/deploy-context.rb:2:in `<top (required)>'
	from plan.rb:1:in `require_relative'
	from plan.rb:1:in `<main>'
Ruby not avaialble yet
   [1;36mdeploy-context: [1;37mBuilding[0m
Executing action do_build at version 2.13.0 in folder /src/habitat/plan.sh PLAN_CONTEXT = /src/habitat/plan.sh/x86_64-linux
Ignoring byebug-11.1.3 because its extensions are not built. Try: gem pristine byebug --version 11.1.3
Ignoring date-3.3.3 because its extensions are not built. Try: gem pristine date --version 3.3.3
Ignoring debug_inspector-1.1.0 because its extensions are not built. Try: gem pristine debug_inspector --version 1.1.0
Ignoring ed25519-1.3.0 because its extensions are not built. Try: gem pristine ed25519 --version 1.3.0
Ignoring ffi-1.15.5 because its extensions are not built. Try: gem pristine ffi --version 1.15.5
Ignoring ffi-yajl-2.6.0 because its extensions are not built. Try: gem pristine ffi-yajl --version 2.6.0
Ignoring json-2.6.3 because its extensions are not built. Try: gem pristine json --version 2.6.3
Ignoring libyajl2-2.1.0 because its extensions are not built. Try: gem pristine libyajl2 --version 2.1.0
Ignoring ruby-shadow-2.5.0 because its extensions are not built. Try: gem pristine ruby-shadow --version 2.5.0
Ignoring unf_ext-0.0.8.2 because its extensions are not built. Try: gem pristine unf_ext --version 0.0.8.2
<internal:/hab/pkgs/core/ruby/3.0.3/20230822120944/lib/ruby/3.0.0/rubygems/core_ext/kernel_require.rb>:85:in `require': [1mcannot load such file -- chef/knife ([1;4mLoadError[m[1m)[m
	from <internal:/hab/pkgs/core/ruby/3.0.3/20230822120944/lib/ruby/3.0.0/rubygems/core_ext/kernel_require.rb>:85:in `require'
	from /src/libraries/deploy-context/knife/default_knife_context.rb:1:in `<top (required)>'
	from /src/libraries/deploy-context/default-studio.rb:23:in `require_relative'
	from /src/libraries/deploy-context/default-studio.rb:23:in `<top (required)>'
	from /src/libraries/deploy-context/ruby-studio.rb:1:in `require_relative'
	from /src/libraries/deploy-context/ruby-studio.rb:1:in `<top (required)>'
	from /src/libraries/deploy-context/cookbook-studio.rb:1:in `require_relative'
	from /src/libraries/deploy-context/cookbook-studio.rb:1:in `<top (required)>'
	from /src/libraries/deploy-context/habitat-studio.rb:1:in `require_relative'
	from /src/libraries/deploy-context/habitat-studio.rb:1:in `<top (required)>'
	from /src/libraries/deploy-context/cucumber-studio.rb:1:in `require_relative'
	from /src/libraries/deploy-context/cucumber-studio.rb:1:in `<top (required)>'
	from /src/libraries/context-manager.rb:2:in `require_relative'
	from /src/libraries/context-manager.rb:2:in `<top (required)>'
	from /src/libraries/context-knife-context.rb:2:in `require_relative'
	from /src/libraries/context-knife-context.rb:2:in `<top (required)>'
	from /src/libraries/deploy-context.rb:2:in `require_relative'
	from /src/libraries/deploy-context.rb:2:in `<top (required)>'
	from plan.rb:1:in `require_relative'
	from plan.rb:1:in `<main>'
Ruby not avaialble yet
   [1;36mdeploy-context: [1;37mRunning post-compile tests[0m
Executing action do_check at version 2.13.0 in folder /src/habitat/plan.sh PLAN_CONTEXT = /src/habitat/plan.sh/x86_64-linux
Ignoring byebug-11.1.3 because its extensions are not built. Try: gem pristine byebug --version 11.1.3
Ignoring date-3.3.3 because its extensions are not built. Try: gem pristine date --version 3.3.3
Ignoring debug_inspector-1.1.0 because its extensions are not built. Try: gem pristine debug_inspector --version 1.1.0
Ignoring ed25519-1.3.0 because its extensions are not built. Try: gem pristine ed25519 --version 1.3.0
Ignoring ffi-1.15.5 because its extensions are not built. Try: gem pristine ffi --version 1.15.5
Ignoring ffi-yajl-2.6.0 because its extensions are not built. Try: gem pristine ffi-yajl --version 2.6.0
Ignoring json-2.6.3 because its extensions are not built. Try: gem pristine json --version 2.6.3
Ignoring libyajl2-2.1.0 because its extensions are not built. Try: gem pristine libyajl2 --version 2.1.0
Ignoring ruby-shadow-2.5.0 because its extensions are not built. Try: gem pristine ruby-shadow --version 2.5.0
Ignoring unf_ext-0.0.8.2 because its extensions are not built. Try: gem pristine unf_ext --version 0.0.8.2
<internal:/hab/pkgs/core/ruby/3.0.3/20230822120944/lib/ruby/3.0.0/rubygems/core_ext/kernel_require.rb>:85:in `require': [1mcannot load such file -- chef/knife ([1;4mLoadError[m[1m)[m
	from <internal:/hab/pkgs/core/ruby/3.0.3/20230822120944/lib/ruby/3.0.0/rubygems/core_ext/kernel_require.rb>:85:in `require'
	from /src/libraries/deploy-context/knife/default_knife_context.rb:1:in `<top (required)>'
	from /src/libraries/deploy-context/default-studio.rb:23:in `require_relative'
	from /src/libraries/deploy-context/default-studio.rb:23:in `<top (required)>'
	from /src/libraries/deploy-context/ruby-studio.rb:1:in `require_relative'
	from /src/libraries/deploy-context/ruby-studio.rb:1:in `<top (required)>'
	from /src/libraries/deploy-context/cookbook-studio.rb:1:in `require_relative'
	from /src/libraries/deploy-context/cookbook-studio.rb:1:in `<top (required)>'
	from /src/libraries/deploy-context/habitat-studio.rb:1:in `require_relative'
	from /src/libraries/deploy-context/habitat-studio.rb:1:in `<top (required)>'
	from /src/libraries/deploy-context/cucumber-studio.rb:1:in `require_relative'
	from /src/libraries/deploy-context/cucumber-studio.rb:1:in `<top (required)>'
	from /src/libraries/context-manager.rb:2:in `require_relative'
	from /src/libraries/context-manager.rb:2:in `<top (required)>'
	from /src/libraries/context-knife-context.rb:2:in `require_relative'
	from /src/libraries/context-knife-context.rb:2:in `<top (required)>'
	from /src/libraries/deploy-context.rb:2:in `require_relative'
	from /src/libraries/deploy-context.rb:2:in `<top (required)>'
	from plan.rb:1:in `require_relative'
	from plan.rb:1:in `<main>'
Ruby not avaialble yet
   [1;36mdeploy-context: [1;37mInstalling[0m
created directory: '/hab/pkgs/jimbodragon/'
created directory: '/hab/pkgs/jimbodragon/deploy-context/'
created directory: '/hab/pkgs/jimbodragon/deploy-context/2.13.0/'
created directory: '/hab/pkgs/jimbodragon/deploy-context/2.13.0/20231011175602'
created directory: '/hab/pkgs/jimbodragon/deploy-context/2.13.0/20231011175602/bin'
created directory: '/hab/pkgs/jimbodragon/deploy-context/2.13.0/20231011175602/app/'
created directory: '/hab/pkgs/jimbodragon/deploy-context/2.13.0/20231011175602/app/binstubs'
Executing action do_install at version 2.13.0 in folder /src/habitat/plan.sh PLAN_CONTEXT = /src/habitat/plan.sh/x86_64-linux
Ignoring byebug-11.1.3 because its extensions are not built. Try: gem pristine byebug --version 11.1.3
Ignoring date-3.3.3 because its extensions are not built. Try: gem pristine date --version 3.3.3
Ignoring debug_inspector-1.1.0 because its extensions are not built. Try: gem pristine debug_inspector --version 1.1.0
Ignoring ed25519-1.3.0 because its extensions are not built. Try: gem pristine ed25519 --version 1.3.0
Ignoring ffi-1.15.5 because its extensions are not built. Try: gem pristine ffi --version 1.15.5
Ignoring ffi-yajl-2.6.0 because its extensions are not built. Try: gem pristine ffi-yajl --version 2.6.0
Ignoring json-2.6.3 because its extensions are not built. Try: gem pristine json --version 2.6.3
Ignoring libyajl2-2.1.0 because its extensions are not built. Try: gem pristine libyajl2 --version 2.1.0
Ignoring ruby-shadow-2.5.0 because its extensions are not built. Try: gem pristine ruby-shadow --version 2.5.0
Ignoring unf_ext-0.0.8.2 because its extensions are not built. Try: gem pristine unf_ext --version 0.0.8.2
<internal:/hab/pkgs/core/ruby/3.0.3/20230822120944/lib/ruby/3.0.0/rubygems/core_ext/kernel_require.rb>:85:in `require': [1mcannot load such file -- chef/knife ([1;4mLoadError[m[1m)[m
	from <internal:/hab/pkgs/core/ruby/3.0.3/20230822120944/lib/ruby/3.0.0/rubygems/core_ext/kernel_require.rb>:85:in `require'
	from /src/libraries/deploy-context/knife/default_knife_context.rb:1:in `<top (required)>'
	from /src/libraries/deploy-context/default-studio.rb:23:in `require_relative'
	from /src/libraries/deploy-context/default-studio.rb:23:in `<top (required)>'
	from /src/libraries/deploy-context/ruby-studio.rb:1:in `require_relative'
	from /src/libraries/deploy-context/ruby-studio.rb:1:in `<top (required)>'
	from /src/libraries/deploy-context/cookbook-studio.rb:1:in `require_relative'
	from /src/libraries/deploy-context/cookbook-studio.rb:1:in `<top (required)>'
	from /src/libraries/deploy-context/habitat-studio.rb:1:in `require_relative'
	from /src/libraries/deploy-context/habitat-studio.rb:1:in `<top (required)>'
	from /src/libraries/deploy-context/cucumber-studio.rb:1:in `require_relative'
	from /src/libraries/deploy-context/cucumber-studio.rb:1:in `<top (required)>'
	from /src/libraries/context-manager.rb:2:in `require_relative'
	from /src/libraries/context-manager.rb:2:in `<top (required)>'
	from /src/libraries/context-knife-context.rb:2:in `require_relative'
	from /src/libraries/context-knife-context.rb:2:in `<top (required)>'
	from /src/libraries/deploy-context.rb:2:in `require_relative'
	from /src/libraries/deploy-context.rb:2:in `<top (required)>'
	from plan.rb:1:in `require_relative'
	from plan.rb:1:in `<main>'
Ruby not avaialble yet
   [1;36mdeploy-context: [1;37mWriting configuration[0m
   [1;36mdeploy-context: [1;37mNo user-defined init hook found, generating init hook[0m
   [1;36mdeploy-context: [1;37mWriting service management scripts[0m
   [1;36mdeploy-context: [1;37mWriting /hab/pkgs/jimbodragon/deploy-context/2.13.0/20231011175602/run script to run deploy-context-web as hab:hab[0m
   [1;36mdeploy-context: [1;37mStripping unneeded symbols from binaries and libraries[0m
Executing action do_strip at version 2.13.0 in folder /src/habitat/plan.sh/x86_64-linux PLAN_CONTEXT = /src/habitat/plan.sh/x86_64-linux
Ignoring byebug-11.1.3 because its extensions are not built. Try: gem pristine byebug --version 11.1.3
Ignoring date-3.3.3 because its extensions are not built. Try: gem pristine date --version 3.3.3
Ignoring debug_inspector-1.1.0 because its extensions are not built. Try: gem pristine debug_inspector --version 1.1.0
Ignoring ed25519-1.3.0 because its extensions are not built. Try: gem pristine ed25519 --version 1.3.0
Ignoring ffi-1.15.5 because its extensions are not built. Try: gem pristine ffi --version 1.15.5
Ignoring ffi-yajl-2.6.0 because its extensions are not built. Try: gem pristine ffi-yajl --version 2.6.0
Ignoring json-2.6.3 because its extensions are not built. Try: gem pristine json --version 2.6.3
Ignoring libyajl2-2.1.0 because its extensions are not built. Try: gem pristine libyajl2 --version 2.1.0
Ignoring ruby-shadow-2.5.0 because its extensions are not built. Try: gem pristine ruby-shadow --version 2.5.0
Ignoring unf_ext-0.0.8.2 because its extensions are not built. Try: gem pristine unf_ext --version 0.0.8.2
<internal:/hab/pkgs/core/ruby/3.0.3/20230822120944/lib/ruby/3.0.0/rubygems/core_ext/kernel_require.rb>:85:in `require': [1mcannot load such file -- chef/knife ([1;4mLoadError[m[1m)[m
	from <internal:/hab/pkgs/core/ruby/3.0.3/20230822120944/lib/ruby/3.0.0/rubygems/core_ext/kernel_require.rb>:85:in `require'
	from /src/libraries/deploy-context/knife/default_knife_context.rb:1:in `<top (required)>'
	from /src/libraries/deploy-context/default-studio.rb:23:in `require_relative'
	from /src/libraries/deploy-context/default-studio.rb:23:in `<top (required)>'
	from /src/libraries/deploy-context/ruby-studio.rb:1:in `require_relative'
	from /src/libraries/deploy-context/ruby-studio.rb:1:in `<top (required)>'
	from /src/libraries/deploy-context/cookbook-studio.rb:1:in `require_relative'
	from /src/libraries/deploy-context/cookbook-studio.rb:1:in `<top (required)>'
	from /src/libraries/deploy-context/habitat-studio.rb:1:in `require_relative'
	from /src/libraries/deploy-context/habitat-studio.rb:1:in `<top (required)>'
	from /src/libraries/deploy-context/cucumber-studio.rb:1:in `require_relative'
	from /src/libraries/deploy-context/cucumber-studio.rb:1:in `<top (required)>'
	from /src/libraries/context-manager.rb:2:in `require_relative'
	from /src/libraries/context-manager.rb:2:in `<top (required)>'
	from /src/libraries/context-knife-context.rb:2:in `require_relative'
	from /src/libraries/context-knife-context.rb:2:in `<top (required)>'
	from /src/libraries/deploy-context.rb:2:in `require_relative'
	from /src/libraries/deploy-context.rb:2:in `<top (required)>'
	from /src/habitat/plan.sh/plan.rb:1:in `require_relative'
	from /src/habitat/plan.sh/plan.rb:1:in `<top (required)>'
	from plan.rb:3:in `require_relative'
	from plan.rb:3:in `<main>'
Ruby not avaialble yet
   [1;36mdeploy-context: [1;37mBuilding package metadata[0m
/hab/cache/src/deploy-context-2.13.0 /src/habitat/plan.sh/x86_64-linux
   [1;36mdeploy-context: [1;37mGenerating blake2b hashes of all files in the package[0m
   [1;36mdeploy-context: [1;37mGenerating signed metadata FILES[0m
[0m[0m[1m[33m» Signing deploy-context_blake2bsums[0m
[0m[0m[1m[36m☛ Signing[0m deploy-context_blake2bsums with jimbodragon-20221104194800 to create /hab/pkgs/jimbodragon/deploy-context/2.13.0/20231011175602/FILES
[0m[0m[1m[35m★ Signed artifact /hab/pkgs/jimbodragon/deploy-context/2.13.0/20231011175602/FILES.[0m
/src/habitat/plan.sh/x86_64-linux
   [1;36mdeploy-context: [1;37mCreating manifest[0m
   [1;36mdeploy-context: [1;37mGenerating package artifact[0m
/hab/pkgs/core/tar/1.34/20220311102650/bin/tar: Removing leading `/' from member names
/hab/cache/artifacts/.jimbodragon-deploy-context-2.13.0-20231011175602-x86_64-linux.tar (1/1)
  100 %           7556 B / 50.0 KiB = 0.148                                    
[0m[0m[1m[33m» Signing /hab/cache/artifacts/.jimbodragon-deploy-context-2.13.0-20231011175602-x86_64-linux.tar.xz[0m
[0m[0m[1m[36m☛ Signing[0m /hab/cache/artifacts/.jimbodragon-deploy-context-2.13.0-20231011175602-x86_64-linux.tar.xz with jimbodragon-20221104194800 to create /hab/cache/artifacts/jimbodragon-deploy-context-2.13.0-20231011175602-x86_64-linux.hart
[0m[0m[1m[35m★ Signed artifact /hab/cache/artifacts/jimbodragon-deploy-context-2.13.0-20231011175602-x86_64-linux.hart.[0m
'/hab/cache/artifacts/jimbodragon-deploy-context-2.13.0-20231011175602-x86_64-linux.hart' -> '/src/results/jimbodragon-deploy-context-2.13.0-20231011175602-x86_64-linux.hart'
   [1;36mdeploy-context: [1;37mhab-plan-build cleanup[0m
Executing action do_end at version 2.13.0 in folder /src/habitat/plan.sh/x86_64-linux PLAN_CONTEXT = /src/habitat/plan.sh/x86_64-linux
Ignoring byebug-11.1.3 because its extensions are not built. Try: gem pristine byebug --version 11.1.3
Ignoring date-3.3.3 because its extensions are not built. Try: gem pristine date --version 3.3.3
Ignoring debug_inspector-1.1.0 because its extensions are not built. Try: gem pristine debug_inspector --version 1.1.0
Ignoring ed25519-1.3.0 because its extensions are not built. Try: gem pristine ed25519 --version 1.3.0
Ignoring ffi-1.15.5 because its extensions are not built. Try: gem pristine ffi --version 1.15.5
Ignoring ffi-yajl-2.6.0 because its extensions are not built. Try: gem pristine ffi-yajl --version 2.6.0
Ignoring json-2.6.3 because its extensions are not built. Try: gem pristine json --version 2.6.3
Ignoring libyajl2-2.1.0 because its extensions are not built. Try: gem pristine libyajl2 --version 2.1.0
Ignoring ruby-shadow-2.5.0 because its extensions are not built. Try: gem pristine ruby-shadow --version 2.5.0
Ignoring unf_ext-0.0.8.2 because its extensions are not built. Try: gem pristine unf_ext --version 0.0.8.2
<internal:/hab/pkgs/core/ruby/3.0.3/20230822120944/lib/ruby/3.0.0/rubygems/core_ext/kernel_require.rb>:85:in `require': [1mcannot load such file -- chef/knife ([1;4mLoadError[m[1m)[m
	from <internal:/hab/pkgs/core/ruby/3.0.3/20230822120944/lib/ruby/3.0.0/rubygems/core_ext/kernel_require.rb>:85:in `require'
	from /src/libraries/deploy-context/knife/default_knife_context.rb:1:in `<top (required)>'
	from /src/libraries/deploy-context/default-studio.rb:23:in `require_relative'
	from /src/libraries/deploy-context/default-studio.rb:23:in `<top (required)>'
	from /src/libraries/deploy-context/ruby-studio.rb:1:in `require_relative'
	from /src/libraries/deploy-context/ruby-studio.rb:1:in `<top (required)>'
	from /src/libraries/deploy-context/cookbook-studio.rb:1:in `require_relative'
	from /src/libraries/deploy-context/cookbook-studio.rb:1:in `<top (required)>'
	from /src/libraries/deploy-context/habitat-studio.rb:1:in `require_relative'
	from /src/libraries/deploy-context/habitat-studio.rb:1:in `<top (required)>'
	from /src/libraries/deploy-context/cucumber-studio.rb:1:in `require_relative'
	from /src/libraries/deploy-context/cucumber-studio.rb:1:in `<top (required)>'
	from /src/libraries/context-manager.rb:2:in `require_relative'
	from /src/libraries/context-manager.rb:2:in `<top (required)>'
	from /src/libraries/context-knife-context.rb:2:in `require_relative'
	from /src/libraries/context-knife-context.rb:2:in `<top (required)>'
	from /src/libraries/deploy-context.rb:2:in `require_relative'
	from /src/libraries/deploy-context.rb:2:in `<top (required)>'
	from /src/habitat/plan.sh/plan.rb:1:in `require_relative'
	from /src/habitat/plan.sh/plan.rb:1:in `<top (required)>'
	from plan.rb:3:in `require_relative'
	from plan.rb:3:in `<main>'
Ruby not avaialble yet
   [1;36mdeploy-context: [1;37m[0m
   [1;36mdeploy-context: [1;37mSource Path: /src/habitat/plan.sh[0m
   [1;36mdeploy-context: [1;37mInstalled Path: /hab/pkgs/jimbodragon/deploy-context/2.13.0/20231011175602[0m
   [1;36mdeploy-context: [1;37mArtifact: /src/results/jimbodragon-deploy-context-2.13.0-20231011175602-x86_64-linux.hart[0m
   [1;36mdeploy-context: [1;37mBuild Report: /src/results/last_build.env[0m
   [1;36mdeploy-context: [1;37mSHA256 Checksum: 4be09e7c3da56192016e37963525ed335aa438ca49a78a6bce159a43cf6a154b[0m
   [1;36mdeploy-context: [1;37mBlake2b Checksum: e9c99f5daf50e309de70335d6635439ba0fc1467e91dd0f5da0b7ced6eadce11[0m
   [1;36mdeploy-context: [1;37m[0m
   [1;36mdeploy-context: [1;37mI love it when a plan.sh comes together.[0m
   [1;36mdeploy-context: [1;37m[0m
   [1;36mdeploy-context: [1;37mBuild time: 0m30s[0m

Script done on 2023-10-11 17:56:32+00:00 [COMMAND_EXIT_CODE="0"]
