Script started on 2023-10-05 07:25:29+00:00 [<not executed on terminal>]
   [1;36m: [1;37mLoading /src/habitat/plan.sh/x86_64-linux/plan.sh[0m
Tient la pwd /src/habitat/plan.sh/x86_64-linux
Tient la ls total 24K
drwxr-xr-x 2 1000 1000 4.0K Oct  5 05:43 .
drwxr-xr-x 5 1000 1000 4.0K Oct  5 05:43 ..
-rw-r--r-- 1 1000 1000  13K Oct  5 07:25 plan.sh
Tient la source total 120K
drwxr-xr-x 15 1000 1000 4.0K Oct  5 07:15 .
drwxr-xr-x 19 root root 4.0K Oct  5 07:25 ..
drwxr-xr-x  2 1000 1000 4.0K Oct  5 05:37 .circleci
drwxr-xr-x  8 1000 1000 4.0K Oct  5 06:00 .git
-rw-r--r--  1 1000 1000  220 Oct  5 06:34 .gitignore
drwxr-xr-x  4 1000 1000 4.0K Oct  5 04:51 .kitchen
-rw-r--r--  1 1000 1000  166 Oct  4 19:16 CHANGELOG.md
-rw-r--r--  1 1000 1000   39 Oct  3 01:23 Gemfile
-rw-r--r--  1 1000 1000 8.0K Oct  5 04:57 Gemfile.lock
-rw-r--r--  1 1000 1000 1.1K Oct  3 01:23 LICENSE
-rw-r--r--  1 1000 1000 1.2K Oct  5 04:51 Policyfile.lock.json
-rw-r--r--  1 1000 1000  527 Oct  4 19:16 Policyfile.rb
-rw-r--r--  1 1000 1000   77 Oct  3 01:23 README.md
-rw-r--r--  1 1000 1000  105 Oct  4 19:36 Rakefile
-rw-r--r--  1 1000 1000    5 Oct  5 04:52 VERSION
drwxr-xr-x  2 1000 1000 4.0K Oct  4 06:33 bin
-rw-r--r--  1 1000 1000 1.3K Oct  4 19:16 chefignore
drwxr-xr-x  5 1000 1000 4.0K Oct  4 19:16 compliance
drwxr-xr-x  2 1000 1000 4.0K Oct  5 04:11 config
-rw-r--r--  1 1000 1000 2.9K Oct  4 06:32 deploy-context.gemspec
drwxr-xr-x  4 1000 1000 4.0K Oct  3 04:55 features
drwxr-xr-x  5 1000 1000 4.0K Oct  5 06:34 habitat
-rw-r--r--  1 1000 1000  728 Oct  4 19:16 kitchen.yml
drwxr-xr-x  3 1000 1000 4.0K Oct  4 18:32 libraries
-rw-r--r--  1 1000 1000  860 Oct  5 02:12 metadata.rb
drwxr-xr-x  2 1000 1000 4.0K Oct  5 04:48 pkg
drwxr-xr-x  2 1000 1000 4.0K Oct  4 19:16 recipes
drwxr-xr-x  3 1000 1000 4.0K Oct  5 07:15 results
drwxr-xr-x  3 1000 1000 4.0K Oct  4 19:16 test
Tient la version 2.2.0
   [1;36mdeploy-context: [1;37mPlan loaded[0m
   [1;36mdeploy-context: [1;37mValidating plan metadata[0m
   [1;36mdeploy-context: [1;37mUsing HAB_BIN=/hab/pkgs/core/hab/1.6.568/20220831181712/bin/hab for installs, signing, and hashing[0m
   [1;36mdeploy-context: [1;37mhab-plan-build setup[0m
--2023-10-05 07:25:30--  https://omnitruck.chef.io/install.sh
Resolving omnitruck.chef.io (omnitruck.chef.io)... 151.101.138.110
Connecting to omnitruck.chef.io (omnitruck.chef.io)|151.101.138.110|:443... connected.
HTTP request sent, awaiting response... 200 OK
Length: 23526 (23K) [application/x-sh]
Saving to: 'install.sh'

install.sh            0%[                    ]       0  --.-KB/s               install.sh          100%[===================>]  22.97K  --.-KB/s    in 0.003s  

2023-10-05 07:25:30 (8.08 MB/s) - 'install.sh' saved [23526/23526]

Unable to determine platform version!
Version: 

Please file a Bug Report at https://github.com/chef/omnitruck/issues/new
Alternatively, feel free to open a Support Ticket at https://www.chef.io/support/tickets
More Chef support resources can be found at https://www.chef.io/support

Please include as many details about the problem as possible i.e., how to reproduce
the problem (if possible), type of the Operating System and its version, etc.,
and any other relevant details that might help us with troubleshooting.

   [1;36mdeploy-context: [1;37mBuild time: 0m1s[0m
   [1;36mdeploy-context: [1;31mExiting on error[0m

Script done on 2023-10-05 07:25:30+00:00 [COMMAND_EXIT_CODE="1"]
