Script started on 2023-10-05 21:12:56+00:00 [<not executed on terminal>]
   [1;36m: [1;37mLoading /src/habitat/plan.sh/x86_64-linux/plan.sh[0m
   [1;36mdeploy-context: [1;37mPlan loaded[0m
   [1;36mdeploy-context: [1;37mValidating plan metadata[0m
   [1;36mdeploy-context: [1;37mUsing HAB_BIN=/hab/pkgs/core/hab/1.6.568/20220831181712/bin/hab for installs, signing, and hashing[0m
   [1;36mdeploy-context: [1;37mhab-plan-build setup[0m
Executing action do_begin at version 2.13.0 in folder /src/habitat/plan.sh/x86_64-linux
   [1;36mdeploy-context: [1;37mWriting pre_build file[0m
   [1;36mdeploy-context: [1;37mResolving build dependencies[0m
   [1;36mdeploy-context: [1;37mResolving run dependencies[0m
[0m[0m[1m[33mÂ» Installing core/ruby,[0m
[0m[0m[1m[32mâ˜ Determining[0m latest version of core/ruby, in the 'stable' channel
[0m[0m[1m[31mâœ—âœ—âœ—[0m
[0m[0m[1m[31mâœ—âœ—âœ— Package not found. [0m
[0m[0m[1m[31mâœ—âœ—âœ—[0m
   [1;36mdeploy-context: [1;33mWARN: [1;37mCould not find a suitable installed package for 'core/ruby,'[0m
   [1;36mdeploy-context: [1;31mERROR: [1;37mResolving 'core/ruby,' failed, should this be built first?[0m
   [1;36mdeploy-context: [1;37mBuild time: 0m9s[0m
   [1;36mdeploy-context: [1;31mExiting on error[0m

Script done on 2023-10-05 21:13:05+00:00 [COMMAND_EXIT_CODE="1"]
